[0.104s] DEBUG:colcon:Command line arguments: ['/usr/bin/colcon', 'build', '--packages-select', 'rs_control']
[0.104s] DEBUG:colcon:Parsed command line arguments: Namespace(log_base=None, log_level=None, verb_name='build', build_base='build', install_base='install', merge_install=False, symlink_install=False, test_result_base=None, continue_on_error=False, executor='parallel', parallel_workers=12, event_handlers=None, ignore_user_meta=False, metas=['./colcon.meta'], base_paths=['.'], packages_ignore=None, packages_ignore_regex=None, paths=None, packages_up_to=None, packages_up_to_regex=None, packages_above=None, packages_above_and_dependencies=None, packages_above_depth=None, packages_select_by_dep=None, packages_skip_by_dep=None, packages_skip_up_to=None, packages_select_build_failed=False, packages_skip_build_finished=False, packages_select_test_failures=False, packages_skip_test_passed=False, packages_select=['rs_control'], packages_skip=None, packages_select_regex=None, packages_skip_regex=None, packages_start=None, packages_end=None, allow_overriding=[], cmake_args=None, cmake_target=None, cmake_target_skip_unavailable=False, cmake_clean_cache=False, cmake_clean_first=False, cmake_force_configure=False, ament_cmake_args=None, catkin_cmake_args=None, catkin_skip_building_tests=False, verb_parser=<colcon_defaults.argument_parser.defaults.DefaultArgumentsDecorator object at 0x7574f12892a0>, verb_extension=<colcon_core.verb.build.BuildVerb object at 0x7574f144f0a0>, main=<bound method BuildVerb.main of <colcon_core.verb.build.BuildVerb object at 0x7574f144f0a0>>)
[0.257s] Level 1:colcon.colcon_core.package_discovery:discover_packages(colcon_meta) check parameters
[0.257s] Level 1:colcon.colcon_core.package_discovery:discover_packages(recursive) check parameters
[0.257s] Level 1:colcon.colcon_core.package_discovery:discover_packages(ignore) check parameters
[0.257s] Level 1:colcon.colcon_core.package_discovery:discover_packages(path) check parameters
[0.257s] Level 1:colcon.colcon_core.package_discovery:discover_packages(colcon_meta) discover
[0.257s] Level 1:colcon.colcon_core.package_discovery:discover_packages(recursive) discover
[0.257s] INFO:colcon.colcon_core.package_discovery:Crawling recursively for packages in '/home/tue/rs_control'
[0.257s] Level 1:colcon.colcon_core.package_identification:_identify(.) by extensions ['ignore', 'ignore_ament_install']
[0.257s] Level 1:colcon.colcon_core.package_identification:_identify(.) by extension 'ignore'
[0.257s] Level 1:colcon.colcon_core.package_identification:_identify(.) by extension 'ignore_ament_install'
[0.257s] Level 1:colcon.colcon_core.package_identification:_identify(.) by extensions ['colcon_pkg']
[0.257s] Level 1:colcon.colcon_core.package_identification:_identify(.) by extension 'colcon_pkg'
[0.257s] Level 1:colcon.colcon_core.package_identification:_identify(.) by extensions ['colcon_meta']
[0.257s] Level 1:colcon.colcon_core.package_identification:_identify(.) by extension 'colcon_meta'
[0.257s] Level 1:colcon.colcon_core.package_identification:_identify(.) by extensions ['ros']
[0.257s] Level 1:colcon.colcon_core.package_identification:_identify(.) by extension 'ros'
[0.281s] DEBUG:colcon.colcon_core.package_identification:Package '.' with type 'ros.ament_cmake' and name 'rs_control'
[0.281s] Level 1:colcon.colcon_core.package_discovery:discover_packages(recursive) using defaults
[0.281s] Level 1:colcon.colcon_core.package_discovery:discover_packages(ignore) discover
[0.281s] Level 1:colcon.colcon_core.package_discovery:discover_packages(ignore) using defaults
[0.281s] Level 1:colcon.colcon_core.package_discovery:discover_packages(path) discover
[0.281s] Level 1:colcon.colcon_core.package_discovery:discover_packages(path) using defaults
[0.298s] Level 1:colcon.colcon_core.package_discovery:discover_packages(prefix_path) check parameters
[0.299s] Level 1:colcon.colcon_core.package_discovery:discover_packages(prefix_path) discover
[0.300s] WARNING:colcon.colcon_core.prefix_path.colcon:The path '/home/tue/install' in the environment variable COLCON_PREFIX_PATH doesn't exist
[0.300s] WARNING:colcon.colcon_ros.prefix_path.ament:The path '/home/tue/install/rs_control' in the environment variable AMENT_PREFIX_PATH doesn't exist
[0.300s] WARNING:colcon.colcon_ros.prefix_path.catkin:The path '/home/tue/install/rs_control' in the environment variable CMAKE_PREFIX_PATH doesn't exist
[0.301s] DEBUG:colcon.colcon_installed_package_information.package_discovery:Found 1 installed packages in /home/tue/rs_control/install
[0.302s] DEBUG:colcon.colcon_installed_package_information.package_discovery:Found 316 installed packages in /opt/ros/humble
[0.303s] Level 1:colcon.colcon_core.package_discovery:discover_packages(prefix_path) using defaults
[0.338s] Level 5:colcon.colcon_core.verb:set package 'rs_control' build argument 'cmake_args' from command line to 'None'
[0.338s] Level 5:colcon.colcon_core.verb:set package 'rs_control' build argument 'cmake_target' from command line to 'None'
[0.338s] Level 5:colcon.colcon_core.verb:set package 'rs_control' build argument 'cmake_target_skip_unavailable' from command line to 'False'
[0.338s] Level 5:colcon.colcon_core.verb:set package 'rs_control' build argument 'cmake_clean_cache' from command line to 'False'
[0.338s] Level 5:colcon.colcon_core.verb:set package 'rs_control' build argument 'cmake_clean_first' from command line to 'False'
[0.338s] Level 5:colcon.colcon_core.verb:set package 'rs_control' build argument 'cmake_force_configure' from command line to 'False'
[0.338s] Level 5:colcon.colcon_core.verb:set package 'rs_control' build argument 'ament_cmake_args' from command line to 'None'
[0.338s] Level 5:colcon.colcon_core.verb:set package 'rs_control' build argument 'catkin_cmake_args' from command line to 'None'
[0.338s] Level 5:colcon.colcon_core.verb:set package 'rs_control' build argument 'catkin_skip_building_tests' from command line to 'False'
[0.338s] DEBUG:colcon.colcon_core.verb:Building package 'rs_control' with the following arguments: {'ament_cmake_args': None, 'build_base': '/home/tue/rs_control/build/rs_control', 'catkin_cmake_args': None, 'catkin_skip_building_tests': False, 'cmake_args': None, 'cmake_clean_cache': False, 'cmake_clean_first': False, 'cmake_force_configure': False, 'cmake_target': None, 'cmake_target_skip_unavailable': False, 'install_base': '/home/tue/rs_control/install/rs_control', 'merge_install': False, 'path': '/home/tue/rs_control', 'symlink_install': False, 'test_result_base': None}
[0.339s] INFO:colcon.colcon_core.executor:Executing jobs using 'parallel' executor
[0.340s] DEBUG:colcon.colcon_parallel_executor.executor.parallel:run_until_complete
[0.340s] INFO:colcon.colcon_ros.task.ament_cmake.build:Building ROS package in '/home/tue/rs_control' with build type 'ament_cmake'
[0.340s] INFO:colcon.colcon_cmake.task.cmake.build:Building CMake package in '/home/tue/rs_control'
[0.342s] INFO:colcon.colcon_core.plugin_system:Skipping extension 'colcon_core.shell.bat': Not used on non-Windows systems
[0.342s] INFO:colcon.colcon_core.shell:Skip shell extension 'powershell' for command environment: Not usable outside of PowerShell
[0.342s] DEBUG:colcon.colcon_core.shell:Skip shell extension 'dsv' for command environment
[0.352s] DEBUG:colcon.colcon_core.event_handler.log_command:Invoking command in '/home/tue/rs_control/build/rs_control': CMAKE_PREFIX_PATH=${CMAKE_PREFIX_PATH}:/opt/ros/humble /usr/bin/cmake --build /home/tue/rs_control/build/rs_control -- -j12 -l12
[12.503s] DEBUG:colcon.colcon_core.event_handler.log_command:Invoked command in '/home/tue/rs_control/build/rs_control' returned '0': CMAKE_PREFIX_PATH=${CMAKE_PREFIX_PATH}:/opt/ros/humble /usr/bin/cmake --build /home/tue/rs_control/build/rs_control -- -j12 -l12
[12.517s] DEBUG:colcon.colcon_core.event_handler.log_command:Invoking command in '/home/tue/rs_control/build/rs_control': CMAKE_PREFIX_PATH=${CMAKE_PREFIX_PATH}:/opt/ros/humble /usr/bin/cmake --install /home/tue/rs_control/build/rs_control
[12.621s] Level 1:colcon.colcon_core.environment:create_environment_scripts_only(rs_control)
[12.622s] DEBUG:colcon.colcon_core.event_handler.log_command:Invoked command in '/home/tue/rs_control/build/rs_control' returned '0': CMAKE_PREFIX_PATH=${CMAKE_PREFIX_PATH}:/opt/ros/humble /usr/bin/cmake --install /home/tue/rs_control/build/rs_control
[12.624s] Level 1:colcon.colcon_core.environment:checking '/home/tue/rs_control/install/rs_control' for CMake module files
[12.625s] Level 1:colcon.colcon_core.environment:checking '/home/tue/rs_control/install/rs_control' for CMake config files
[12.626s] Level 1:colcon.colcon_core.shell:create_environment_hook('rs_control', 'cmake_prefix_path')
[12.627s] INFO:colcon.colcon_core.shell:Creating environment hook '/home/tue/rs_control/install/rs_control/share/rs_control/hook/cmake_prefix_path.ps1'
[12.628s] INFO:colcon.colcon_core.shell:Creating environment descriptor '/home/tue/rs_control/install/rs_control/share/rs_control/hook/cmake_prefix_path.dsv'
[12.630s] INFO:colcon.colcon_core.shell:Creating environment hook '/home/tue/rs_control/install/rs_control/share/rs_control/hook/cmake_prefix_path.sh'
[12.634s] Level 1:colcon.colcon_core.environment:checking '/home/tue/rs_control/install/rs_control/lib'
[12.635s] Level 1:colcon.colcon_core.shell:create_environment_hook('rs_control', 'ld_library_path_lib')
[12.636s] INFO:colcon.colcon_core.shell:Creating environment hook '/home/tue/rs_control/install/rs_control/share/rs_control/hook/ld_library_path_lib.ps1'
[12.637s] INFO:colcon.colcon_core.shell:Creating environment descriptor '/home/tue/rs_control/install/rs_control/share/rs_control/hook/ld_library_path_lib.dsv'
[12.638s] INFO:colcon.colcon_core.shell:Creating environment hook '/home/tue/rs_control/install/rs_control/share/rs_control/hook/ld_library_path_lib.sh'
[12.638s] Level 1:colcon.colcon_core.environment:checking '/home/tue/rs_control/install/rs_control/bin'
[12.638s] Level 1:colcon.colcon_core.environment:checking '/home/tue/rs_control/install/rs_control/lib/pkgconfig/rs_control.pc'
[12.639s] Level 1:colcon.colcon_core.environment:checking '/home/tue/rs_control/install/rs_control/lib/python3.10/site-packages'
[12.639s] Level 1:colcon.colcon_core.environment:checking '/home/tue/rs_control/install/rs_control/bin'
[12.639s] INFO:colcon.colcon_core.shell:Creating package script '/home/tue/rs_control/install/rs_control/share/rs_control/package.ps1'
[12.640s] INFO:colcon.colcon_core.shell:Creating package descriptor '/home/tue/rs_control/install/rs_control/share/rs_control/package.dsv'
[12.641s] INFO:colcon.colcon_core.shell:Creating package script '/home/tue/rs_control/install/rs_control/share/rs_control/package.sh'
[12.643s] INFO:colcon.colcon_core.shell:Creating package script '/home/tue/rs_control/install/rs_control/share/rs_control/package.bash'
[12.643s] INFO:colcon.colcon_core.shell:Creating package script '/home/tue/rs_control/install/rs_control/share/rs_control/package.zsh'
[12.644s] Level 1:colcon.colcon_core.environment:create_file_with_runtime_dependencies(/home/tue/rs_control/install/rs_control/share/colcon-core/packages/rs_control)
[12.645s] Level 1:colcon.colcon_core.environment:create_environment_scripts_only(rs_control)
[12.645s] Level 1:colcon.colcon_core.environment:checking '/home/tue/rs_control/install/rs_control' for CMake module files
[12.646s] Level 1:colcon.colcon_core.environment:checking '/home/tue/rs_control/install/rs_control' for CMake config files
[12.646s] Level 1:colcon.colcon_core.shell:create_environment_hook('rs_control', 'cmake_prefix_path')
[12.646s] INFO:colcon.colcon_core.shell:Creating environment hook '/home/tue/rs_control/install/rs_control/share/rs_control/hook/cmake_prefix_path.ps1'
[12.647s] INFO:colcon.colcon_core.shell:Creating environment descriptor '/home/tue/rs_control/install/rs_control/share/rs_control/hook/cmake_prefix_path.dsv'
[12.647s] INFO:colcon.colcon_core.shell:Creating environment hook '/home/tue/rs_control/install/rs_control/share/rs_control/hook/cmake_prefix_path.sh'
[12.647s] Level 1:colcon.colcon_core.environment:checking '/home/tue/rs_control/install/rs_control/lib'
[12.647s] Level 1:colcon.colcon_core.shell:create_environment_hook('rs_control', 'ld_library_path_lib')
[12.648s] INFO:colcon.colcon_core.shell:Creating environment hook '/home/tue/rs_control/install/rs_control/share/rs_control/hook/ld_library_path_lib.ps1'
[12.648s] INFO:colcon.colcon_core.shell:Creating environment descriptor '/home/tue/rs_control/install/rs_control/share/rs_control/hook/ld_library_path_lib.dsv'
[12.648s] INFO:colcon.colcon_core.shell:Creating environment hook '/home/tue/rs_control/install/rs_control/share/rs_control/hook/ld_library_path_lib.sh'
[12.649s] Level 1:colcon.colcon_core.environment:checking '/home/tue/rs_control/install/rs_control/bin'
[12.649s] Level 1:colcon.colcon_core.environment:checking '/home/tue/rs_control/install/rs_control/lib/pkgconfig/rs_control.pc'
[12.649s] Level 1:colcon.colcon_core.environment:checking '/home/tue/rs_control/install/rs_control/lib/python3.10/site-packages'
[12.649s] Level 1:colcon.colcon_core.environment:checking '/home/tue/rs_control/install/rs_control/bin'
[12.650s] INFO:colcon.colcon_core.shell:Creating package script '/home/tue/rs_control/install/rs_control/share/rs_control/package.ps1'
[12.650s] INFO:colcon.colcon_core.shell:Creating package descriptor '/home/tue/rs_control/install/rs_control/share/rs_control/package.dsv'
[12.651s] INFO:colcon.colcon_core.shell:Creating package script '/home/tue/rs_control/install/rs_control/share/rs_control/package.sh'
[12.652s] INFO:colcon.colcon_core.shell:Creating package script '/home/tue/rs_control/install/rs_control/share/rs_control/package.bash'
[12.653s] INFO:colcon.colcon_core.shell:Creating package script '/home/tue/rs_control/install/rs_control/share/rs_control/package.zsh'
[12.653s] Level 1:colcon.colcon_core.environment:create_file_with_runtime_dependencies(/home/tue/rs_control/install/rs_control/share/colcon-core/packages/rs_control)
[12.653s] DEBUG:colcon.colcon_parallel_executor.executor.parallel:closing loop
[12.654s] DEBUG:colcon.colcon_parallel_executor.executor.parallel:loop closed
[12.654s] DEBUG:colcon.colcon_parallel_executor.executor.parallel:run_until_complete finished with '0'
[12.654s] DEBUG:colcon.colcon_core.event_reactor:joining thread
[12.659s] INFO:colcon.colcon_core.plugin_system:Skipping extension 'colcon_notification.desktop_notification.terminal_notifier': Not used on non-Darwin systems
[12.659s] INFO:colcon.colcon_core.plugin_system:Skipping extension 'colcon_notification.desktop_notification.win32': Not used on non-Windows systems
[12.659s] INFO:colcon.colcon_notification.desktop_notification:Sending desktop notification using 'notify2'
[12.670s] DEBUG:colcon.colcon_core.event_reactor:joined thread
[12.671s] INFO:colcon.colcon_core.shell:Creating prefix script '/home/tue/rs_control/install/local_setup.ps1'
[12.672s] INFO:colcon.colcon_core.shell:Creating prefix util module '/home/tue/rs_control/install/_local_setup_util_ps1.py'
[12.674s] INFO:colcon.colcon_core.shell:Creating prefix chain script '/home/tue/rs_control/install/setup.ps1'
[12.676s] INFO:colcon.colcon_core.shell:Creating prefix script '/home/tue/rs_control/install/local_setup.sh'
[12.676s] INFO:colcon.colcon_core.shell:Creating prefix util module '/home/tue/rs_control/install/_local_setup_util_sh.py'
[12.677s] INFO:colcon.colcon_core.shell:Creating prefix chain script '/home/tue/rs_control/install/setup.sh'
[12.678s] INFO:colcon.colcon_core.shell:Creating prefix script '/home/tue/rs_control/install/local_setup.bash'
[12.678s] INFO:colcon.colcon_core.shell:Creating prefix chain script '/home/tue/rs_control/install/setup.bash'
[12.679s] INFO:colcon.colcon_core.shell:Creating prefix script '/home/tue/rs_control/install/local_setup.zsh'
[12.679s] INFO:colcon.colcon_core.shell:Creating prefix chain script '/home/tue/rs_control/install/setup.zsh'
