[0.115s] DEBUG:colcon:Command line arguments: ['/usr/bin/colcon', 'build', '--packages-select', 'rs_control']
[0.115s] DEBUG:colcon:Parsed command line arguments: Namespace(log_base=None, log_level=None, verb_name='build', build_base='build', install_base='install', merge_install=False, symlink_install=False, test_result_base=None, continue_on_error=False, executor='parallel', parallel_workers=12, event_handlers=None, ignore_user_meta=False, metas=['./colcon.meta'], base_paths=['.'], packages_ignore=None, packages_ignore_regex=None, paths=None, packages_up_to=None, packages_up_to_regex=None, packages_above=None, packages_above_and_dependencies=None, packages_above_depth=None, packages_select_by_dep=None, packages_skip_by_dep=None, packages_skip_up_to=None, packages_select_build_failed=False, packages_skip_build_finished=False, packages_select_test_failures=False, packages_skip_test_passed=False, packages_select=['rs_control'], packages_skip=None, packages_select_regex=None, packages_skip_regex=None, packages_start=None, packages_end=None, allow_overriding=[], cmake_args=None, cmake_target=None, cmake_target_skip_unavailable=False, cmake_clean_cache=False, cmake_clean_first=False, cmake_force_configure=False, ament_cmake_args=None, catkin_cmake_args=None, catkin_skip_building_tests=False, verb_parser=<colcon_defaults.argument_parser.defaults.DefaultArgumentsDecorator object at 0x7e8dfbe51cf0>, verb_extension=<colcon_core.verb.build.BuildVerb object at 0x7e8dfc057af0>, main=<bound method BuildVerb.main of <colcon_core.verb.build.BuildVerb object at 0x7e8dfc057af0>>)
[0.316s] Level 1:colcon.colcon_core.package_discovery:discover_packages(colcon_meta) check parameters
[0.316s] Level 1:colcon.colcon_core.package_discovery:discover_packages(recursive) check parameters
[0.317s] Level 1:colcon.colcon_core.package_discovery:discover_packages(ignore) check parameters
[0.317s] Level 1:colcon.colcon_core.package_discovery:discover_packages(path) check parameters
[0.317s] Level 1:colcon.colcon_core.package_discovery:discover_packages(colcon_meta) discover
[0.317s] Level 1:colcon.colcon_core.package_discovery:discover_packages(recursive) discover
[0.317s] INFO:colcon.colcon_core.package_discovery:Crawling recursively for packages in '/home/tue/Documents/ros2_ws/src/rs_control'
[0.317s] Level 1:colcon.colcon_core.package_identification:_identify(.) by extensions ['ignore', 'ignore_ament_install']
[0.317s] Level 1:colcon.colcon_core.package_identification:_identify(.) by extension 'ignore'
[0.317s] Level 1:colcon.colcon_core.package_identification:_identify(.) by extension 'ignore_ament_install'
[0.317s] Level 1:colcon.colcon_core.package_identification:_identify(.) by extensions ['colcon_pkg']
[0.317s] Level 1:colcon.colcon_core.package_identification:_identify(.) by extension 'colcon_pkg'
[0.317s] Level 1:colcon.colcon_core.package_identification:_identify(.) by extensions ['colcon_meta']
[0.317s] Level 1:colcon.colcon_core.package_identification:_identify(.) by extension 'colcon_meta'
[0.317s] Level 1:colcon.colcon_core.package_identification:_identify(.) by extensions ['ros']
[0.317s] Level 1:colcon.colcon_core.package_identification:_identify(.) by extension 'ros'
[0.342s] DEBUG:colcon.colcon_core.package_identification:Package '.' with type 'ros.ament_cmake' and name 'rs_control'
[0.342s] Level 1:colcon.colcon_core.package_discovery:discover_packages(recursive) using defaults
[0.342s] Level 1:colcon.colcon_core.package_discovery:discover_packages(ignore) discover
[0.342s] Level 1:colcon.colcon_core.package_discovery:discover_packages(ignore) using defaults
[0.342s] Level 1:colcon.colcon_core.package_discovery:discover_packages(path) discover
[0.342s] Level 1:colcon.colcon_core.package_discovery:discover_packages(path) using defaults
[0.359s] Level 1:colcon.colcon_core.package_discovery:discover_packages(prefix_path) check parameters
[0.359s] Level 1:colcon.colcon_core.package_discovery:discover_packages(prefix_path) discover
[0.361s] DEBUG:colcon.colcon_installed_package_information.package_discovery:Found 1 installed packages in /home/tue/Documents/ros2_cybergear/install
[0.362s] DEBUG:colcon.colcon_installed_package_information.package_discovery:Found 8 installed packages in /home/tue/Documents/ros2_ws/install
[0.363s] DEBUG:colcon.colcon_installed_package_information.package_discovery:Found 308 installed packages in /opt/ros/humble
[0.366s] Level 1:colcon.colcon_core.package_discovery:discover_packages(prefix_path) using defaults
[0.401s] Level 5:colcon.colcon_core.verb:set package 'rs_control' build argument 'cmake_args' from command line to 'None'
[0.401s] Level 5:colcon.colcon_core.verb:set package 'rs_control' build argument 'cmake_target' from command line to 'None'
[0.401s] Level 5:colcon.colcon_core.verb:set package 'rs_control' build argument 'cmake_target_skip_unavailable' from command line to 'False'
[0.401s] Level 5:colcon.colcon_core.verb:set package 'rs_control' build argument 'cmake_clean_cache' from command line to 'False'
[0.401s] Level 5:colcon.colcon_core.verb:set package 'rs_control' build argument 'cmake_clean_first' from command line to 'False'
[0.401s] Level 5:colcon.colcon_core.verb:set package 'rs_control' build argument 'cmake_force_configure' from command line to 'False'
[0.401s] Level 5:colcon.colcon_core.verb:set package 'rs_control' build argument 'ament_cmake_args' from command line to 'None'
[0.401s] Level 5:colcon.colcon_core.verb:set package 'rs_control' build argument 'catkin_cmake_args' from command line to 'None'
[0.401s] Level 5:colcon.colcon_core.verb:set package 'rs_control' build argument 'catkin_skip_building_tests' from command line to 'False'
[0.402s] DEBUG:colcon.colcon_core.verb:Building package 'rs_control' with the following arguments: {'ament_cmake_args': None, 'build_base': '/home/tue/Documents/ros2_ws/src/rs_control/build/rs_control', 'catkin_cmake_args': None, 'catkin_skip_building_tests': False, 'cmake_args': None, 'cmake_clean_cache': False, 'cmake_clean_first': False, 'cmake_force_configure': False, 'cmake_target': None, 'cmake_target_skip_unavailable': False, 'install_base': '/home/tue/Documents/ros2_ws/src/rs_control/install/rs_control', 'merge_install': False, 'path': '/home/tue/Documents/ros2_ws/src/rs_control', 'symlink_install': False, 'test_result_base': None}
[0.402s] INFO:colcon.colcon_core.executor:Executing jobs using 'parallel' executor
[0.403s] DEBUG:colcon.colcon_parallel_executor.executor.parallel:run_until_complete
[0.403s] INFO:colcon.colcon_ros.task.ament_cmake.build:Building ROS package in '/home/tue/Documents/ros2_ws/src/rs_control' with build type 'ament_cmake'
[0.403s] INFO:colcon.colcon_cmake.task.cmake.build:Building CMake package in '/home/tue/Documents/ros2_ws/src/rs_control'
[0.405s] INFO:colcon.colcon_core.plugin_system:Skipping extension 'colcon_core.shell.bat': Not used on non-Windows systems
[0.406s] INFO:colcon.colcon_core.shell:Skip shell extension 'powershell' for command environment: Not usable outside of PowerShell
[0.406s] DEBUG:colcon.colcon_core.shell:Skip shell extension 'dsv' for command environment
[0.420s] DEBUG:colcon.colcon_core.event_handler.log_command:Invoking command in '/home/tue/Documents/ros2_ws/src/rs_control/build/rs_control': CMAKE_PREFIX_PATH=${CMAKE_PREFIX_PATH}:/home/tue/Documents/ros2_ws/install/cbgear:/home/tue/Documents/ros2_cybergear/install/cbgear_node:/opt/ros/humble /usr/bin/cmake --build /home/tue/Documents/ros2_ws/src/rs_control/build/rs_control -- -j12 -l12
[3.641s] DEBUG:colcon.colcon_core.event_handler.log_command:Invoked command in '/home/tue/Documents/ros2_ws/src/rs_control/build/rs_control' returned '0': CMAKE_PREFIX_PATH=${CMAKE_PREFIX_PATH}:/home/tue/Documents/ros2_ws/install/cbgear:/home/tue/Documents/ros2_cybergear/install/cbgear_node:/opt/ros/humble /usr/bin/cmake --build /home/tue/Documents/ros2_ws/src/rs_control/build/rs_control -- -j12 -l12
[3.654s] DEBUG:colcon.colcon_core.event_handler.log_command:Invoking command in '/home/tue/Documents/ros2_ws/src/rs_control/build/rs_control': CMAKE_PREFIX_PATH=${CMAKE_PREFIX_PATH}:/home/tue/Documents/ros2_ws/install/cbgear:/home/tue/Documents/ros2_cybergear/install/cbgear_node:/opt/ros/humble /usr/bin/cmake --install /home/tue/Documents/ros2_ws/src/rs_control/build/rs_control
[3.673s] Level 1:colcon.colcon_core.environment:create_environment_scripts_only(rs_control)
[3.674s] DEBUG:colcon.colcon_core.event_handler.log_command:Invoked command in '/home/tue/Documents/ros2_ws/src/rs_control/build/rs_control' returned '0': CMAKE_PREFIX_PATH=${CMAKE_PREFIX_PATH}:/home/tue/Documents/ros2_ws/install/cbgear:/home/tue/Documents/ros2_cybergear/install/cbgear_node:/opt/ros/humble /usr/bin/cmake --install /home/tue/Documents/ros2_ws/src/rs_control/build/rs_control
[3.676s] Level 1:colcon.colcon_core.environment:checking '/home/tue/Documents/ros2_ws/src/rs_control/install/rs_control' for CMake module files
[3.677s] Level 1:colcon.colcon_core.environment:checking '/home/tue/Documents/ros2_ws/src/rs_control/install/rs_control' for CMake config files
[3.677s] Level 1:colcon.colcon_core.shell:create_environment_hook('rs_control', 'cmake_prefix_path')
[3.677s] INFO:colcon.colcon_core.shell:Creating environment hook '/home/tue/Documents/ros2_ws/src/rs_control/install/rs_control/share/rs_control/hook/cmake_prefix_path.ps1'
[3.678s] INFO:colcon.colcon_core.shell:Creating environment descriptor '/home/tue/Documents/ros2_ws/src/rs_control/install/rs_control/share/rs_control/hook/cmake_prefix_path.dsv'
[3.679s] INFO:colcon.colcon_core.shell:Creating environment hook '/home/tue/Documents/ros2_ws/src/rs_control/install/rs_control/share/rs_control/hook/cmake_prefix_path.sh'
[3.680s] Level 1:colcon.colcon_core.environment:checking '/home/tue/Documents/ros2_ws/src/rs_control/install/rs_control/lib'
[3.680s] Level 1:colcon.colcon_core.environment:checking '/home/tue/Documents/ros2_ws/src/rs_control/install/rs_control/bin'
[3.680s] Level 1:colcon.colcon_core.environment:checking '/home/tue/Documents/ros2_ws/src/rs_control/install/rs_control/lib/pkgconfig/rs_control.pc'
[3.680s] Level 1:colcon.colcon_core.environment:checking '/home/tue/Documents/ros2_ws/src/rs_control/install/rs_control/lib/python3.10/site-packages'
[3.680s] Level 1:colcon.colcon_core.environment:checking '/home/tue/Documents/ros2_ws/src/rs_control/install/rs_control/bin'
[3.681s] INFO:colcon.colcon_core.shell:Creating package script '/home/tue/Documents/ros2_ws/src/rs_control/install/rs_control/share/rs_control/package.ps1'
[3.682s] INFO:colcon.colcon_core.shell:Creating package descriptor '/home/tue/Documents/ros2_ws/src/rs_control/install/rs_control/share/rs_control/package.dsv'
[3.683s] INFO:colcon.colcon_core.shell:Creating package script '/home/tue/Documents/ros2_ws/src/rs_control/install/rs_control/share/rs_control/package.sh'
[3.684s] INFO:colcon.colcon_core.shell:Creating package script '/home/tue/Documents/ros2_ws/src/rs_control/install/rs_control/share/rs_control/package.bash'
[3.684s] INFO:colcon.colcon_core.shell:Creating package script '/home/tue/Documents/ros2_ws/src/rs_control/install/rs_control/share/rs_control/package.zsh'
[3.685s] Level 1:colcon.colcon_core.environment:create_file_with_runtime_dependencies(/home/tue/Documents/ros2_ws/src/rs_control/install/rs_control/share/colcon-core/packages/rs_control)
[3.686s] Level 1:colcon.colcon_core.environment:create_environment_scripts_only(rs_control)
[3.686s] Level 1:colcon.colcon_core.environment:checking '/home/tue/Documents/ros2_ws/src/rs_control/install/rs_control' for CMake module files
[3.687s] Level 1:colcon.colcon_core.environment:checking '/home/tue/Documents/ros2_ws/src/rs_control/install/rs_control' for CMake config files
[3.687s] Level 1:colcon.colcon_core.shell:create_environment_hook('rs_control', 'cmake_prefix_path')
[3.688s] INFO:colcon.colcon_core.shell:Creating environment hook '/home/tue/Documents/ros2_ws/src/rs_control/install/rs_control/share/rs_control/hook/cmake_prefix_path.ps1'
[3.690s] INFO:colcon.colcon_core.shell:Creating environment descriptor '/home/tue/Documents/ros2_ws/src/rs_control/install/rs_control/share/rs_control/hook/cmake_prefix_path.dsv'
[3.690s] INFO:colcon.colcon_core.shell:Creating environment hook '/home/tue/Documents/ros2_ws/src/rs_control/install/rs_control/share/rs_control/hook/cmake_prefix_path.sh'
[3.691s] Level 1:colcon.colcon_core.environment:checking '/home/tue/Documents/ros2_ws/src/rs_control/install/rs_control/lib'
[3.691s] Level 1:colcon.colcon_core.environment:checking '/home/tue/Documents/ros2_ws/src/rs_control/install/rs_control/bin'
[3.691s] Level 1:colcon.colcon_core.environment:checking '/home/tue/Documents/ros2_ws/src/rs_control/install/rs_control/lib/pkgconfig/rs_control.pc'
[3.692s] Level 1:colcon.colcon_core.environment:checking '/home/tue/Documents/ros2_ws/src/rs_control/install/rs_control/lib/python3.10/site-packages'
[3.692s] Level 1:colcon.colcon_core.environment:checking '/home/tue/Documents/ros2_ws/src/rs_control/install/rs_control/bin'
[3.692s] INFO:colcon.colcon_core.shell:Creating package script '/home/tue/Documents/ros2_ws/src/rs_control/install/rs_control/share/rs_control/package.ps1'
[3.693s] INFO:colcon.colcon_core.shell:Creating package descriptor '/home/tue/Documents/ros2_ws/src/rs_control/install/rs_control/share/rs_control/package.dsv'
[3.693s] INFO:colcon.colcon_core.shell:Creating package script '/home/tue/Documents/ros2_ws/src/rs_control/install/rs_control/share/rs_control/package.sh'
[3.694s] INFO:colcon.colcon_core.shell:Creating package script '/home/tue/Documents/ros2_ws/src/rs_control/install/rs_control/share/rs_control/package.bash'
[3.694s] INFO:colcon.colcon_core.shell:Creating package script '/home/tue/Documents/ros2_ws/src/rs_control/install/rs_control/share/rs_control/package.zsh'
[3.695s] Level 1:colcon.colcon_core.environment:create_file_with_runtime_dependencies(/home/tue/Documents/ros2_ws/src/rs_control/install/rs_control/share/colcon-core/packages/rs_control)
[3.695s] DEBUG:colcon.colcon_parallel_executor.executor.parallel:closing loop
[3.696s] DEBUG:colcon.colcon_parallel_executor.executor.parallel:loop closed
[3.696s] DEBUG:colcon.colcon_parallel_executor.executor.parallel:run_until_complete finished with '0'
[3.696s] DEBUG:colcon.colcon_core.event_reactor:joining thread
[3.703s] INFO:colcon.colcon_core.plugin_system:Skipping extension 'colcon_notification.desktop_notification.terminal_notifier': Not used on non-Darwin systems
[3.703s] INFO:colcon.colcon_core.plugin_system:Skipping extension 'colcon_notification.desktop_notification.win32': Not used on non-Windows systems
[3.703s] INFO:colcon.colcon_notification.desktop_notification:Sending desktop notification using 'notify2'
[3.721s] DEBUG:colcon.colcon_core.event_reactor:joined thread
[3.721s] INFO:colcon.colcon_core.shell:Creating prefix script '/home/tue/Documents/ros2_ws/src/rs_control/install/local_setup.ps1'
[3.722s] INFO:colcon.colcon_core.shell:Creating prefix util module '/home/tue/Documents/ros2_ws/src/rs_control/install/_local_setup_util_ps1.py'
[3.724s] INFO:colcon.colcon_core.shell:Creating prefix chain script '/home/tue/Documents/ros2_ws/src/rs_control/install/setup.ps1'
[3.727s] INFO:colcon.colcon_core.shell:Creating prefix script '/home/tue/Documents/ros2_ws/src/rs_control/install/local_setup.sh'
[3.727s] INFO:colcon.colcon_core.shell:Creating prefix util module '/home/tue/Documents/ros2_ws/src/rs_control/install/_local_setup_util_sh.py'
[3.728s] INFO:colcon.colcon_core.shell:Creating prefix chain script '/home/tue/Documents/ros2_ws/src/rs_control/install/setup.sh'
[3.730s] INFO:colcon.colcon_core.shell:Creating prefix script '/home/tue/Documents/ros2_ws/src/rs_control/install/local_setup.bash'
[3.731s] INFO:colcon.colcon_core.shell:Creating prefix chain script '/home/tue/Documents/ros2_ws/src/rs_control/install/setup.bash'
[3.733s] INFO:colcon.colcon_core.shell:Creating prefix script '/home/tue/Documents/ros2_ws/src/rs_control/install/local_setup.zsh'
[3.734s] INFO:colcon.colcon_core.shell:Creating prefix chain script '/home/tue/Documents/ros2_ws/src/rs_control/install/setup.zsh'
