[0.131s] DEBUG:colcon:Command line arguments: ['/usr/bin/colcon', 'build', '--packages-select', 'rs_control']
[0.132s] DEBUG:colcon:Parsed command line arguments: Namespace(log_base=None, log_level=None, verb_name='build', build_base='build', install_base='install', merge_install=False, symlink_install=False, test_result_base=None, continue_on_error=False, executor='parallel', parallel_workers=12, event_handlers=None, ignore_user_meta=False, metas=['./colcon.meta'], base_paths=['.'], packages_ignore=None, packages_ignore_regex=None, paths=None, packages_up_to=None, packages_up_to_regex=None, packages_above=None, packages_above_and_dependencies=None, packages_above_depth=None, packages_select_by_dep=None, packages_skip_by_dep=None, packages_skip_up_to=None, packages_select_build_failed=False, packages_skip_build_finished=False, packages_select_test_failures=False, packages_skip_test_passed=False, packages_select=['rs_control'], packages_skip=None, packages_select_regex=None, packages_skip_regex=None, packages_start=None, packages_end=None, allow_overriding=[], cmake_args=None, cmake_target=None, cmake_target_skip_unavailable=False, cmake_clean_cache=False, cmake_clean_first=False, cmake_force_configure=False, ament_cmake_args=None, catkin_cmake_args=None, catkin_skip_building_tests=False, verb_parser=<colcon_defaults.argument_parser.defaults.DefaultArgumentsDecorator object at 0x70e6bf655cc0>, verb_extension=<colcon_core.verb.build.BuildVerb object at 0x70e6bf85baf0>, main=<bound method BuildVerb.main of <colcon_core.verb.build.BuildVerb object at 0x70e6bf85baf0>>)
[0.311s] Level 1:colcon.colcon_core.package_discovery:discover_packages(colcon_meta) check parameters
[0.311s] Level 1:colcon.colcon_core.package_discovery:discover_packages(recursive) check parameters
[0.311s] Level 1:colcon.colcon_core.package_discovery:discover_packages(ignore) check parameters
[0.311s] Level 1:colcon.colcon_core.package_discovery:discover_packages(path) check parameters
[0.311s] Level 1:colcon.colcon_core.package_discovery:discover_packages(colcon_meta) discover
[0.311s] Level 1:colcon.colcon_core.package_discovery:discover_packages(recursive) discover
[0.311s] INFO:colcon.colcon_core.package_discovery:Crawling recursively for packages in '/home/tue/Documents/ros2_ws/src/rs_control'
[0.311s] Level 1:colcon.colcon_core.package_identification:_identify(.) by extensions ['ignore', 'ignore_ament_install']
[0.311s] Level 1:colcon.colcon_core.package_identification:_identify(.) by extension 'ignore'
[0.311s] Level 1:colcon.colcon_core.package_identification:_identify(.) by extension 'ignore_ament_install'
[0.311s] Level 1:colcon.colcon_core.package_identification:_identify(.) by extensions ['colcon_pkg']
[0.311s] Level 1:colcon.colcon_core.package_identification:_identify(.) by extension 'colcon_pkg'
[0.311s] Level 1:colcon.colcon_core.package_identification:_identify(.) by extensions ['colcon_meta']
[0.311s] Level 1:colcon.colcon_core.package_identification:_identify(.) by extension 'colcon_meta'
[0.311s] Level 1:colcon.colcon_core.package_identification:_identify(.) by extensions ['ros']
[0.312s] Level 1:colcon.colcon_core.package_identification:_identify(.) by extension 'ros'
[0.337s] DEBUG:colcon.colcon_core.package_identification:Package '.' with type 'ros.ament_cmake' and name 'rs_control'
[0.337s] Level 1:colcon.colcon_core.package_discovery:discover_packages(recursive) using defaults
[0.337s] Level 1:colcon.colcon_core.package_discovery:discover_packages(ignore) discover
[0.337s] Level 1:colcon.colcon_core.package_discovery:discover_packages(ignore) using defaults
[0.337s] Level 1:colcon.colcon_core.package_discovery:discover_packages(path) discover
[0.337s] Level 1:colcon.colcon_core.package_discovery:discover_packages(path) using defaults
[0.354s] Level 1:colcon.colcon_core.package_discovery:discover_packages(prefix_path) check parameters
[0.354s] Level 1:colcon.colcon_core.package_discovery:discover_packages(prefix_path) discover
[0.356s] DEBUG:colcon.colcon_installed_package_information.package_discovery:Found 1 installed packages in /home/tue/Documents/ros2_cybergear/install
[0.356s] DEBUG:colcon.colcon_installed_package_information.package_discovery:Found 8 installed packages in /home/tue/Documents/ros2_ws/install
[0.358s] DEBUG:colcon.colcon_installed_package_information.package_discovery:Found 308 installed packages in /opt/ros/humble
[0.360s] Level 1:colcon.colcon_core.package_discovery:discover_packages(prefix_path) using defaults
[0.396s] Level 5:colcon.colcon_core.verb:set package 'rs_control' build argument 'cmake_args' from command line to 'None'
[0.397s] Level 5:colcon.colcon_core.verb:set package 'rs_control' build argument 'cmake_target' from command line to 'None'
[0.397s] Level 5:colcon.colcon_core.verb:set package 'rs_control' build argument 'cmake_target_skip_unavailable' from command line to 'False'
[0.397s] Level 5:colcon.colcon_core.verb:set package 'rs_control' build argument 'cmake_clean_cache' from command line to 'False'
[0.397s] Level 5:colcon.colcon_core.verb:set package 'rs_control' build argument 'cmake_clean_first' from command line to 'False'
[0.397s] Level 5:colcon.colcon_core.verb:set package 'rs_control' build argument 'cmake_force_configure' from command line to 'False'
[0.397s] Level 5:colcon.colcon_core.verb:set package 'rs_control' build argument 'ament_cmake_args' from command line to 'None'
[0.397s] Level 5:colcon.colcon_core.verb:set package 'rs_control' build argument 'catkin_cmake_args' from command line to 'None'
[0.397s] Level 5:colcon.colcon_core.verb:set package 'rs_control' build argument 'catkin_skip_building_tests' from command line to 'False'
[0.397s] DEBUG:colcon.colcon_core.verb:Building package 'rs_control' with the following arguments: {'ament_cmake_args': None, 'build_base': '/home/tue/Documents/ros2_ws/src/rs_control/build/rs_control', 'catkin_cmake_args': None, 'catkin_skip_building_tests': False, 'cmake_args': None, 'cmake_clean_cache': False, 'cmake_clean_first': False, 'cmake_force_configure': False, 'cmake_target': None, 'cmake_target_skip_unavailable': False, 'install_base': '/home/tue/Documents/ros2_ws/src/rs_control/install/rs_control', 'merge_install': False, 'path': '/home/tue/Documents/ros2_ws/src/rs_control', 'symlink_install': False, 'test_result_base': None}
[0.397s] INFO:colcon.colcon_core.executor:Executing jobs using 'parallel' executor
[0.398s] DEBUG:colcon.colcon_parallel_executor.executor.parallel:run_until_complete
[0.399s] INFO:colcon.colcon_ros.task.ament_cmake.build:Building ROS package in '/home/tue/Documents/ros2_ws/src/rs_control' with build type 'ament_cmake'
[0.399s] INFO:colcon.colcon_cmake.task.cmake.build:Building CMake package in '/home/tue/Documents/ros2_ws/src/rs_control'
[0.401s] INFO:colcon.colcon_core.plugin_system:Skipping extension 'colcon_core.shell.bat': Not used on non-Windows systems
[0.402s] INFO:colcon.colcon_core.shell:Skip shell extension 'powershell' for command environment: Not usable outside of PowerShell
[0.402s] DEBUG:colcon.colcon_core.shell:Skip shell extension 'dsv' for command environment
[0.414s] DEBUG:colcon.colcon_core.event_handler.log_command:Invoking command in '/home/tue/Documents/ros2_ws/src/rs_control/build/rs_control': CMAKE_PREFIX_PATH=${CMAKE_PREFIX_PATH}:/home/tue/Documents/ros2_ws/install/cbgear:/home/tue/Documents/ros2_cybergear/install/cbgear_node:/opt/ros/humble /usr/bin/cmake --build /home/tue/Documents/ros2_ws/src/rs_control/build/rs_control -- -j12 -l12
[11.766s] DEBUG:colcon.colcon_core.event_handler.log_command:Invoked command in '/home/tue/Documents/ros2_ws/src/rs_control/build/rs_control' returned '0': CMAKE_PREFIX_PATH=${CMAKE_PREFIX_PATH}:/home/tue/Documents/ros2_ws/install/cbgear:/home/tue/Documents/ros2_cybergear/install/cbgear_node:/opt/ros/humble /usr/bin/cmake --build /home/tue/Documents/ros2_ws/src/rs_control/build/rs_control -- -j12 -l12
[11.782s] DEBUG:colcon.colcon_core.event_handler.log_command:Invoking command in '/home/tue/Documents/ros2_ws/src/rs_control/build/rs_control': CMAKE_PREFIX_PATH=${CMAKE_PREFIX_PATH}:/home/tue/Documents/ros2_ws/install/cbgear:/home/tue/Documents/ros2_cybergear/install/cbgear_node:/opt/ros/humble /usr/bin/cmake --install /home/tue/Documents/ros2_ws/src/rs_control/build/rs_control
[11.810s] Level 1:colcon.colcon_core.environment:create_environment_scripts_only(rs_control)
[11.812s] DEBUG:colcon.colcon_core.event_handler.log_command:Invoked command in '/home/tue/Documents/ros2_ws/src/rs_control/build/rs_control' returned '0': CMAKE_PREFIX_PATH=${CMAKE_PREFIX_PATH}:/home/tue/Documents/ros2_ws/install/cbgear:/home/tue/Documents/ros2_cybergear/install/cbgear_node:/opt/ros/humble /usr/bin/cmake --install /home/tue/Documents/ros2_ws/src/rs_control/build/rs_control
[11.814s] Level 1:colcon.colcon_core.environment:checking '/home/tue/Documents/ros2_ws/src/rs_control/install/rs_control' for CMake module files
[11.814s] Level 1:colcon.colcon_core.environment:checking '/home/tue/Documents/ros2_ws/src/rs_control/install/rs_control' for CMake config files
[11.815s] Level 1:colcon.colcon_core.shell:create_environment_hook('rs_control', 'cmake_prefix_path')
[11.815s] INFO:colcon.colcon_core.shell:Creating environment hook '/home/tue/Documents/ros2_ws/src/rs_control/install/rs_control/share/rs_control/hook/cmake_prefix_path.ps1'
[11.816s] INFO:colcon.colcon_core.shell:Creating environment descriptor '/home/tue/Documents/ros2_ws/src/rs_control/install/rs_control/share/rs_control/hook/cmake_prefix_path.dsv'
[11.816s] INFO:colcon.colcon_core.shell:Creating environment hook '/home/tue/Documents/ros2_ws/src/rs_control/install/rs_control/share/rs_control/hook/cmake_prefix_path.sh'
[11.817s] Level 1:colcon.colcon_core.environment:checking '/home/tue/Documents/ros2_ws/src/rs_control/install/rs_control/lib'
[11.817s] Level 1:colcon.colcon_core.environment:checking '/home/tue/Documents/ros2_ws/src/rs_control/install/rs_control/bin'
[11.817s] Level 1:colcon.colcon_core.environment:checking '/home/tue/Documents/ros2_ws/src/rs_control/install/rs_control/lib/pkgconfig/rs_control.pc'
[11.818s] Level 1:colcon.colcon_core.environment:checking '/home/tue/Documents/ros2_ws/src/rs_control/install/rs_control/lib/python3.10/site-packages'
[11.818s] Level 1:colcon.colcon_core.environment:checking '/home/tue/Documents/ros2_ws/src/rs_control/install/rs_control/bin'
[11.818s] INFO:colcon.colcon_core.shell:Creating package script '/home/tue/Documents/ros2_ws/src/rs_control/install/rs_control/share/rs_control/package.ps1'
[11.819s] INFO:colcon.colcon_core.shell:Creating package descriptor '/home/tue/Documents/ros2_ws/src/rs_control/install/rs_control/share/rs_control/package.dsv'
[11.820s] INFO:colcon.colcon_core.shell:Creating package script '/home/tue/Documents/ros2_ws/src/rs_control/install/rs_control/share/rs_control/package.sh'
[11.820s] INFO:colcon.colcon_core.shell:Creating package script '/home/tue/Documents/ros2_ws/src/rs_control/install/rs_control/share/rs_control/package.bash'
[11.821s] INFO:colcon.colcon_core.shell:Creating package script '/home/tue/Documents/ros2_ws/src/rs_control/install/rs_control/share/rs_control/package.zsh'
[11.822s] Level 1:colcon.colcon_core.environment:create_file_with_runtime_dependencies(/home/tue/Documents/ros2_ws/src/rs_control/install/rs_control/share/colcon-core/packages/rs_control)
[11.823s] Level 1:colcon.colcon_core.environment:create_environment_scripts_only(rs_control)
[11.823s] Level 1:colcon.colcon_core.environment:checking '/home/tue/Documents/ros2_ws/src/rs_control/install/rs_control' for CMake module files
[11.823s] Level 1:colcon.colcon_core.environment:checking '/home/tue/Documents/ros2_ws/src/rs_control/install/rs_control' for CMake config files
[11.824s] Level 1:colcon.colcon_core.shell:create_environment_hook('rs_control', 'cmake_prefix_path')
[11.824s] INFO:colcon.colcon_core.shell:Creating environment hook '/home/tue/Documents/ros2_ws/src/rs_control/install/rs_control/share/rs_control/hook/cmake_prefix_path.ps1'
[11.825s] INFO:colcon.colcon_core.shell:Creating environment descriptor '/home/tue/Documents/ros2_ws/src/rs_control/install/rs_control/share/rs_control/hook/cmake_prefix_path.dsv'
[11.825s] INFO:colcon.colcon_core.shell:Creating environment hook '/home/tue/Documents/ros2_ws/src/rs_control/install/rs_control/share/rs_control/hook/cmake_prefix_path.sh'
[11.826s] Level 1:colcon.colcon_core.environment:checking '/home/tue/Documents/ros2_ws/src/rs_control/install/rs_control/lib'
[11.826s] Level 1:colcon.colcon_core.environment:checking '/home/tue/Documents/ros2_ws/src/rs_control/install/rs_control/bin'
[11.826s] Level 1:colcon.colcon_core.environment:checking '/home/tue/Documents/ros2_ws/src/rs_control/install/rs_control/lib/pkgconfig/rs_control.pc'
[11.826s] Level 1:colcon.colcon_core.environment:checking '/home/tue/Documents/ros2_ws/src/rs_control/install/rs_control/lib/python3.10/site-packages'
[11.827s] Level 1:colcon.colcon_core.environment:checking '/home/tue/Documents/ros2_ws/src/rs_control/install/rs_control/bin'
[11.827s] INFO:colcon.colcon_core.shell:Creating package script '/home/tue/Documents/ros2_ws/src/rs_control/install/rs_control/share/rs_control/package.ps1'
[11.828s] INFO:colcon.colcon_core.shell:Creating package descriptor '/home/tue/Documents/ros2_ws/src/rs_control/install/rs_control/share/rs_control/package.dsv'
[11.828s] INFO:colcon.colcon_core.shell:Creating package script '/home/tue/Documents/ros2_ws/src/rs_control/install/rs_control/share/rs_control/package.sh'
[11.829s] INFO:colcon.colcon_core.shell:Creating package script '/home/tue/Documents/ros2_ws/src/rs_control/install/rs_control/share/rs_control/package.bash'
[11.829s] INFO:colcon.colcon_core.shell:Creating package script '/home/tue/Documents/ros2_ws/src/rs_control/install/rs_control/share/rs_control/package.zsh'
[11.830s] Level 1:colcon.colcon_core.environment:create_file_with_runtime_dependencies(/home/tue/Documents/ros2_ws/src/rs_control/install/rs_control/share/colcon-core/packages/rs_control)
[11.830s] DEBUG:colcon.colcon_parallel_executor.executor.parallel:closing loop
[11.831s] DEBUG:colcon.colcon_parallel_executor.executor.parallel:loop closed
[11.831s] DEBUG:colcon.colcon_parallel_executor.executor.parallel:run_until_complete finished with '0'
[11.831s] DEBUG:colcon.colcon_core.event_reactor:joining thread
[11.836s] INFO:colcon.colcon_core.plugin_system:Skipping extension 'colcon_notification.desktop_notification.terminal_notifier': Not used on non-Darwin systems
[11.836s] INFO:colcon.colcon_core.plugin_system:Skipping extension 'colcon_notification.desktop_notification.win32': Not used on non-Windows systems
[11.836s] INFO:colcon.colcon_notification.desktop_notification:Sending desktop notification using 'notify2'
[11.859s] DEBUG:colcon.colcon_core.event_reactor:joined thread
[11.860s] INFO:colcon.colcon_core.shell:Creating prefix script '/home/tue/Documents/ros2_ws/src/rs_control/install/local_setup.ps1'
[11.862s] INFO:colcon.colcon_core.shell:Creating prefix util module '/home/tue/Documents/ros2_ws/src/rs_control/install/_local_setup_util_ps1.py'
[11.866s] INFO:colcon.colcon_core.shell:Creating prefix chain script '/home/tue/Documents/ros2_ws/src/rs_control/install/setup.ps1'
[11.869s] INFO:colcon.colcon_core.shell:Creating prefix script '/home/tue/Documents/ros2_ws/src/rs_control/install/local_setup.sh'
[11.869s] INFO:colcon.colcon_core.shell:Creating prefix util module '/home/tue/Documents/ros2_ws/src/rs_control/install/_local_setup_util_sh.py'
[11.870s] INFO:colcon.colcon_core.shell:Creating prefix chain script '/home/tue/Documents/ros2_ws/src/rs_control/install/setup.sh'
[11.873s] INFO:colcon.colcon_core.shell:Creating prefix script '/home/tue/Documents/ros2_ws/src/rs_control/install/local_setup.bash'
[11.874s] INFO:colcon.colcon_core.shell:Creating prefix chain script '/home/tue/Documents/ros2_ws/src/rs_control/install/setup.bash'
[11.876s] INFO:colcon.colcon_core.shell:Creating prefix script '/home/tue/Documents/ros2_ws/src/rs_control/install/local_setup.zsh'
[11.877s] INFO:colcon.colcon_core.shell:Creating prefix chain script '/home/tue/Documents/ros2_ws/src/rs_control/install/setup.zsh'
