[0.176s] DEBUG:colcon:Command line arguments: ['/usr/bin/colcon', 'build', '--packages-select', 'rs_control']
[0.176s] DEBUG:colcon:Parsed command line arguments: Namespace(log_base=None, log_level=None, verb_name='build', build_base='build', install_base='install', merge_install=False, symlink_install=False, test_result_base=None, continue_on_error=False, executor='parallel', parallel_workers=12, event_handlers=None, ignore_user_meta=False, metas=['./colcon.meta'], base_paths=['.'], packages_ignore=None, packages_ignore_regex=None, paths=None, packages_up_to=None, packages_up_to_regex=None, packages_above=None, packages_above_and_dependencies=None, packages_above_depth=None, packages_select_by_dep=None, packages_skip_by_dep=None, packages_skip_up_to=None, packages_select_build_failed=False, packages_skip_build_finished=False, packages_select_test_failures=False, packages_skip_test_passed=False, packages_select=['rs_control'], packages_skip=None, packages_select_regex=None, packages_skip_regex=None, packages_start=None, packages_end=None, allow_overriding=[], cmake_args=None, cmake_target=None, cmake_target_skip_unavailable=False, cmake_clean_cache=False, cmake_clean_first=False, cmake_force_configure=False, ament_cmake_args=None, catkin_cmake_args=None, catkin_skip_building_tests=False, verb_parser=<colcon_defaults.argument_parser.defaults.DefaultArgumentsDecorator object at 0x712d2be9dcc0>, verb_extension=<colcon_core.verb.build.BuildVerb object at 0x712d2c05faf0>, main=<bound method BuildVerb.main of <colcon_core.verb.build.BuildVerb object at 0x712d2c05faf0>>)
[0.346s] Level 1:colcon.colcon_core.package_discovery:discover_packages(colcon_meta) check parameters
[0.347s] Level 1:colcon.colcon_core.package_discovery:discover_packages(recursive) check parameters
[0.347s] Level 1:colcon.colcon_core.package_discovery:discover_packages(ignore) check parameters
[0.347s] Level 1:colcon.colcon_core.package_discovery:discover_packages(path) check parameters
[0.347s] Level 1:colcon.colcon_core.package_discovery:discover_packages(colcon_meta) discover
[0.347s] Level 1:colcon.colcon_core.package_discovery:discover_packages(recursive) discover
[0.347s] INFO:colcon.colcon_core.package_discovery:Crawling recursively for packages in '/home/tue/Documents/ros2_ws/src/rs_control'
[0.347s] Level 1:colcon.colcon_core.package_identification:_identify(.) by extensions ['ignore', 'ignore_ament_install']
[0.347s] Level 1:colcon.colcon_core.package_identification:_identify(.) by extension 'ignore'
[0.347s] Level 1:colcon.colcon_core.package_identification:_identify(.) by extension 'ignore_ament_install'
[0.347s] Level 1:colcon.colcon_core.package_identification:_identify(.) by extensions ['colcon_pkg']
[0.347s] Level 1:colcon.colcon_core.package_identification:_identify(.) by extension 'colcon_pkg'
[0.347s] Level 1:colcon.colcon_core.package_identification:_identify(.) by extensions ['colcon_meta']
[0.347s] Level 1:colcon.colcon_core.package_identification:_identify(.) by extension 'colcon_meta'
[0.347s] Level 1:colcon.colcon_core.package_identification:_identify(.) by extensions ['ros']
[0.347s] Level 1:colcon.colcon_core.package_identification:_identify(.) by extension 'ros'
[0.373s] DEBUG:colcon.colcon_core.package_identification:Package '.' with type 'ros.ament_cmake' and name 'rs_control'
[0.374s] Level 1:colcon.colcon_core.package_discovery:discover_packages(recursive) using defaults
[0.374s] Level 1:colcon.colcon_core.package_discovery:discover_packages(ignore) discover
[0.374s] Level 1:colcon.colcon_core.package_discovery:discover_packages(ignore) using defaults
[0.374s] Level 1:colcon.colcon_core.package_discovery:discover_packages(path) discover
[0.374s] Level 1:colcon.colcon_core.package_discovery:discover_packages(path) using defaults
[0.391s] Level 1:colcon.colcon_core.package_discovery:discover_packages(prefix_path) check parameters
[0.391s] Level 1:colcon.colcon_core.package_discovery:discover_packages(prefix_path) discover
[0.393s] DEBUG:colcon.colcon_installed_package_information.package_discovery:Found 1 installed packages in /home/tue/Documents/ros2_cybergear/install
[0.394s] DEBUG:colcon.colcon_installed_package_information.package_discovery:Found 8 installed packages in /home/tue/Documents/ros2_ws/install
[0.396s] DEBUG:colcon.colcon_installed_package_information.package_discovery:Found 308 installed packages in /opt/ros/humble
[0.398s] Level 1:colcon.colcon_core.package_discovery:discover_packages(prefix_path) using defaults
[0.434s] Level 5:colcon.colcon_core.verb:set package 'rs_control' build argument 'cmake_args' from command line to 'None'
[0.434s] Level 5:colcon.colcon_core.verb:set package 'rs_control' build argument 'cmake_target' from command line to 'None'
[0.434s] Level 5:colcon.colcon_core.verb:set package 'rs_control' build argument 'cmake_target_skip_unavailable' from command line to 'False'
[0.434s] Level 5:colcon.colcon_core.verb:set package 'rs_control' build argument 'cmake_clean_cache' from command line to 'False'
[0.434s] Level 5:colcon.colcon_core.verb:set package 'rs_control' build argument 'cmake_clean_first' from command line to 'False'
[0.434s] Level 5:colcon.colcon_core.verb:set package 'rs_control' build argument 'cmake_force_configure' from command line to 'False'
[0.434s] Level 5:colcon.colcon_core.verb:set package 'rs_control' build argument 'ament_cmake_args' from command line to 'None'
[0.434s] Level 5:colcon.colcon_core.verb:set package 'rs_control' build argument 'catkin_cmake_args' from command line to 'None'
[0.434s] Level 5:colcon.colcon_core.verb:set package 'rs_control' build argument 'catkin_skip_building_tests' from command line to 'False'
[0.435s] DEBUG:colcon.colcon_core.verb:Building package 'rs_control' with the following arguments: {'ament_cmake_args': None, 'build_base': '/home/tue/Documents/ros2_ws/src/rs_control/build/rs_control', 'catkin_cmake_args': None, 'catkin_skip_building_tests': False, 'cmake_args': None, 'cmake_clean_cache': False, 'cmake_clean_first': False, 'cmake_force_configure': False, 'cmake_target': None, 'cmake_target_skip_unavailable': False, 'install_base': '/home/tue/Documents/ros2_ws/src/rs_control/install/rs_control', 'merge_install': False, 'path': '/home/tue/Documents/ros2_ws/src/rs_control', 'symlink_install': False, 'test_result_base': None}
[0.435s] INFO:colcon.colcon_core.executor:Executing jobs using 'parallel' executor
[0.436s] DEBUG:colcon.colcon_parallel_executor.executor.parallel:run_until_complete
[0.436s] INFO:colcon.colcon_ros.task.ament_cmake.build:Building ROS package in '/home/tue/Documents/ros2_ws/src/rs_control' with build type 'ament_cmake'
[0.436s] INFO:colcon.colcon_cmake.task.cmake.build:Building CMake package in '/home/tue/Documents/ros2_ws/src/rs_control'
[0.438s] INFO:colcon.colcon_core.plugin_system:Skipping extension 'colcon_core.shell.bat': Not used on non-Windows systems
[0.438s] INFO:colcon.colcon_core.shell:Skip shell extension 'powershell' for command environment: Not usable outside of PowerShell
[0.438s] DEBUG:colcon.colcon_core.shell:Skip shell extension 'dsv' for command environment
[0.448s] DEBUG:colcon.colcon_core.event_handler.log_command:Invoking command in '/home/tue/Documents/ros2_ws/src/rs_control/build/rs_control': CMAKE_PREFIX_PATH=${CMAKE_PREFIX_PATH}:/home/tue/Documents/ros2_ws/install/cbgear:/home/tue/Documents/ros2_cybergear/install/cbgear_node:/opt/ros/humble /usr/bin/cmake /home/tue/Documents/ros2_ws/src/rs_control -DCMAKE_INSTALL_PREFIX=/home/tue/Documents/ros2_ws/src/rs_control/install/rs_control
[1.953s] DEBUG:colcon.colcon_core.event_handler.log_command:Invoked command in '/home/tue/Documents/ros2_ws/src/rs_control/build/rs_control' returned '0': CMAKE_PREFIX_PATH=${CMAKE_PREFIX_PATH}:/home/tue/Documents/ros2_ws/install/cbgear:/home/tue/Documents/ros2_cybergear/install/cbgear_node:/opt/ros/humble /usr/bin/cmake /home/tue/Documents/ros2_ws/src/rs_control -DCMAKE_INSTALL_PREFIX=/home/tue/Documents/ros2_ws/src/rs_control/install/rs_control
[1.955s] DEBUG:colcon.colcon_core.event_handler.log_command:Invoking command in '/home/tue/Documents/ros2_ws/src/rs_control/build/rs_control': CMAKE_PREFIX_PATH=${CMAKE_PREFIX_PATH}:/home/tue/Documents/ros2_ws/install/cbgear:/home/tue/Documents/ros2_cybergear/install/cbgear_node:/opt/ros/humble /usr/bin/cmake --build /home/tue/Documents/ros2_ws/src/rs_control/build/rs_control -- -j12 -l12
[5.092s] DEBUG:colcon.colcon_core.event_handler.log_command:Invoked command in '/home/tue/Documents/ros2_ws/src/rs_control/build/rs_control' returned '0': CMAKE_PREFIX_PATH=${CMAKE_PREFIX_PATH}:/home/tue/Documents/ros2_ws/install/cbgear:/home/tue/Documents/ros2_cybergear/install/cbgear_node:/opt/ros/humble /usr/bin/cmake --build /home/tue/Documents/ros2_ws/src/rs_control/build/rs_control -- -j12 -l12
[5.103s] DEBUG:colcon.colcon_core.event_handler.log_command:Invoking command in '/home/tue/Documents/ros2_ws/src/rs_control/build/rs_control': CMAKE_PREFIX_PATH=${CMAKE_PREFIX_PATH}:/home/tue/Documents/ros2_ws/install/cbgear:/home/tue/Documents/ros2_cybergear/install/cbgear_node:/opt/ros/humble /usr/bin/cmake --install /home/tue/Documents/ros2_ws/src/rs_control/build/rs_control
[5.118s] Level 1:colcon.colcon_core.environment:create_environment_scripts_only(rs_control)
[5.119s] DEBUG:colcon.colcon_core.event_handler.log_command:Invoked command in '/home/tue/Documents/ros2_ws/src/rs_control/build/rs_control' returned '0': CMAKE_PREFIX_PATH=${CMAKE_PREFIX_PATH}:/home/tue/Documents/ros2_ws/install/cbgear:/home/tue/Documents/ros2_cybergear/install/cbgear_node:/opt/ros/humble /usr/bin/cmake --install /home/tue/Documents/ros2_ws/src/rs_control/build/rs_control
[5.121s] Level 1:colcon.colcon_core.environment:checking '/home/tue/Documents/ros2_ws/src/rs_control/install/rs_control' for CMake module files
[5.121s] Level 1:colcon.colcon_core.environment:checking '/home/tue/Documents/ros2_ws/src/rs_control/install/rs_control' for CMake config files
[5.122s] Level 1:colcon.colcon_core.shell:create_environment_hook('rs_control', 'cmake_prefix_path')
[5.122s] INFO:colcon.colcon_core.shell:Creating environment hook '/home/tue/Documents/ros2_ws/src/rs_control/install/rs_control/share/rs_control/hook/cmake_prefix_path.ps1'
[5.123s] INFO:colcon.colcon_core.shell:Creating environment descriptor '/home/tue/Documents/ros2_ws/src/rs_control/install/rs_control/share/rs_control/hook/cmake_prefix_path.dsv'
[5.123s] INFO:colcon.colcon_core.shell:Creating environment hook '/home/tue/Documents/ros2_ws/src/rs_control/install/rs_control/share/rs_control/hook/cmake_prefix_path.sh'
[5.124s] Level 1:colcon.colcon_core.environment:checking '/home/tue/Documents/ros2_ws/src/rs_control/install/rs_control/lib'
[5.124s] Level 1:colcon.colcon_core.environment:checking '/home/tue/Documents/ros2_ws/src/rs_control/install/rs_control/bin'
[5.124s] Level 1:colcon.colcon_core.environment:checking '/home/tue/Documents/ros2_ws/src/rs_control/install/rs_control/lib/pkgconfig/rs_control.pc'
[5.124s] Level 1:colcon.colcon_core.environment:checking '/home/tue/Documents/ros2_ws/src/rs_control/install/rs_control/lib/python3.10/site-packages'
[5.125s] Level 1:colcon.colcon_core.environment:checking '/home/tue/Documents/ros2_ws/src/rs_control/install/rs_control/bin'
[5.125s] INFO:colcon.colcon_core.shell:Creating package script '/home/tue/Documents/ros2_ws/src/rs_control/install/rs_control/share/rs_control/package.ps1'
[5.126s] INFO:colcon.colcon_core.shell:Creating package descriptor '/home/tue/Documents/ros2_ws/src/rs_control/install/rs_control/share/rs_control/package.dsv'
[5.126s] INFO:colcon.colcon_core.shell:Creating package script '/home/tue/Documents/ros2_ws/src/rs_control/install/rs_control/share/rs_control/package.sh'
[5.127s] INFO:colcon.colcon_core.shell:Creating package script '/home/tue/Documents/ros2_ws/src/rs_control/install/rs_control/share/rs_control/package.bash'
[5.128s] INFO:colcon.colcon_core.shell:Creating package script '/home/tue/Documents/ros2_ws/src/rs_control/install/rs_control/share/rs_control/package.zsh'
[5.129s] Level 1:colcon.colcon_core.environment:create_file_with_runtime_dependencies(/home/tue/Documents/ros2_ws/src/rs_control/install/rs_control/share/colcon-core/packages/rs_control)
[5.129s] Level 1:colcon.colcon_core.environment:create_environment_scripts_only(rs_control)
[5.129s] Level 1:colcon.colcon_core.environment:checking '/home/tue/Documents/ros2_ws/src/rs_control/install/rs_control' for CMake module files
[5.130s] Level 1:colcon.colcon_core.environment:checking '/home/tue/Documents/ros2_ws/src/rs_control/install/rs_control' for CMake config files
[5.130s] Level 1:colcon.colcon_core.shell:create_environment_hook('rs_control', 'cmake_prefix_path')
[5.131s] INFO:colcon.colcon_core.shell:Creating environment hook '/home/tue/Documents/ros2_ws/src/rs_control/install/rs_control/share/rs_control/hook/cmake_prefix_path.ps1'
[5.131s] INFO:colcon.colcon_core.shell:Creating environment descriptor '/home/tue/Documents/ros2_ws/src/rs_control/install/rs_control/share/rs_control/hook/cmake_prefix_path.dsv'
[5.131s] INFO:colcon.colcon_core.shell:Creating environment hook '/home/tue/Documents/ros2_ws/src/rs_control/install/rs_control/share/rs_control/hook/cmake_prefix_path.sh'
[5.132s] Level 1:colcon.colcon_core.environment:checking '/home/tue/Documents/ros2_ws/src/rs_control/install/rs_control/lib'
[5.133s] Level 1:colcon.colcon_core.environment:checking '/home/tue/Documents/ros2_ws/src/rs_control/install/rs_control/bin'
[5.133s] Level 1:colcon.colcon_core.environment:checking '/home/tue/Documents/ros2_ws/src/rs_control/install/rs_control/lib/pkgconfig/rs_control.pc'
[5.133s] Level 1:colcon.colcon_core.environment:checking '/home/tue/Documents/ros2_ws/src/rs_control/install/rs_control/lib/python3.10/site-packages'
[5.133s] Level 1:colcon.colcon_core.environment:checking '/home/tue/Documents/ros2_ws/src/rs_control/install/rs_control/bin'
[5.133s] INFO:colcon.colcon_core.shell:Creating package script '/home/tue/Documents/ros2_ws/src/rs_control/install/rs_control/share/rs_control/package.ps1'
[5.134s] INFO:colcon.colcon_core.shell:Creating package descriptor '/home/tue/Documents/ros2_ws/src/rs_control/install/rs_control/share/rs_control/package.dsv'
[5.135s] INFO:colcon.colcon_core.shell:Creating package script '/home/tue/Documents/ros2_ws/src/rs_control/install/rs_control/share/rs_control/package.sh'
[5.135s] INFO:colcon.colcon_core.shell:Creating package script '/home/tue/Documents/ros2_ws/src/rs_control/install/rs_control/share/rs_control/package.bash'
[5.136s] INFO:colcon.colcon_core.shell:Creating package script '/home/tue/Documents/ros2_ws/src/rs_control/install/rs_control/share/rs_control/package.zsh'
[5.137s] Level 1:colcon.colcon_core.environment:create_file_with_runtime_dependencies(/home/tue/Documents/ros2_ws/src/rs_control/install/rs_control/share/colcon-core/packages/rs_control)
[5.137s] DEBUG:colcon.colcon_parallel_executor.executor.parallel:closing loop
[5.137s] DEBUG:colcon.colcon_parallel_executor.executor.parallel:loop closed
[5.137s] DEBUG:colcon.colcon_parallel_executor.executor.parallel:run_until_complete finished with '0'
[5.137s] DEBUG:colcon.colcon_core.event_reactor:joining thread
[5.143s] INFO:colcon.colcon_core.plugin_system:Skipping extension 'colcon_notification.desktop_notification.terminal_notifier': Not used on non-Darwin systems
[5.143s] INFO:colcon.colcon_core.plugin_system:Skipping extension 'colcon_notification.desktop_notification.win32': Not used on non-Windows systems
[5.143s] INFO:colcon.colcon_notification.desktop_notification:Sending desktop notification using 'notify2'
[5.157s] DEBUG:colcon.colcon_core.event_reactor:joined thread
[5.158s] INFO:colcon.colcon_core.shell:Creating prefix script '/home/tue/Documents/ros2_ws/src/rs_control/install/local_setup.ps1'
[5.159s] INFO:colcon.colcon_core.shell:Creating prefix util module '/home/tue/Documents/ros2_ws/src/rs_control/install/_local_setup_util_ps1.py'
[5.160s] INFO:colcon.colcon_core.shell:Creating prefix chain script '/home/tue/Documents/ros2_ws/src/rs_control/install/setup.ps1'
[5.162s] INFO:colcon.colcon_core.shell:Creating prefix script '/home/tue/Documents/ros2_ws/src/rs_control/install/local_setup.sh'
[5.163s] INFO:colcon.colcon_core.shell:Creating prefix util module '/home/tue/Documents/ros2_ws/src/rs_control/install/_local_setup_util_sh.py'
[5.164s] INFO:colcon.colcon_core.shell:Creating prefix chain script '/home/tue/Documents/ros2_ws/src/rs_control/install/setup.sh'
[5.166s] INFO:colcon.colcon_core.shell:Creating prefix script '/home/tue/Documents/ros2_ws/src/rs_control/install/local_setup.bash'
[5.167s] INFO:colcon.colcon_core.shell:Creating prefix chain script '/home/tue/Documents/ros2_ws/src/rs_control/install/setup.bash'
[5.169s] INFO:colcon.colcon_core.shell:Creating prefix script '/home/tue/Documents/ros2_ws/src/rs_control/install/local_setup.zsh'
[5.171s] INFO:colcon.colcon_core.shell:Creating prefix chain script '/home/tue/Documents/ros2_ws/src/rs_control/install/setup.zsh'
