[0.129s] DEBUG:colcon:Command line arguments: ['/usr/bin/colcon', 'build', '--packages-select', 'rs_control']
[0.129s] DEBUG:colcon:Parsed command line arguments: Namespace(log_base=None, log_level=None, verb_name='build', build_base='build', install_base='install', merge_install=False, symlink_install=False, test_result_base=None, continue_on_error=False, executor='parallel', parallel_workers=12, event_handlers=None, ignore_user_meta=False, metas=['./colcon.meta'], base_paths=['.'], packages_ignore=None, packages_ignore_regex=None, paths=None, packages_up_to=None, packages_up_to_regex=None, packages_above=None, packages_above_and_dependencies=None, packages_above_depth=None, packages_select_by_dep=None, packages_skip_by_dep=None, packages_skip_up_to=None, packages_select_build_failed=False, packages_skip_build_finished=False, packages_select_test_failures=False, packages_skip_test_passed=False, packages_select=['rs_control'], packages_skip=None, packages_select_regex=None, packages_skip_regex=None, packages_start=None, packages_end=None, allow_overriding=[], cmake_args=None, cmake_target=None, cmake_target_skip_unavailable=False, cmake_clean_cache=False, cmake_clean_first=False, cmake_force_configure=False, ament_cmake_args=None, catkin_cmake_args=None, catkin_skip_building_tests=False, verb_parser=<colcon_defaults.argument_parser.defaults.DefaultArgumentsDecorator object at 0x7d71cac99d20>, verb_extension=<colcon_core.verb.build.BuildVerb object at 0x7d71cae57af0>, main=<bound method BuildVerb.main of <colcon_core.verb.build.BuildVerb object at 0x7d71cae57af0>>)
[0.309s] Level 1:colcon.colcon_core.package_discovery:discover_packages(colcon_meta) check parameters
[0.309s] Level 1:colcon.colcon_core.package_discovery:discover_packages(recursive) check parameters
[0.309s] Level 1:colcon.colcon_core.package_discovery:discover_packages(ignore) check parameters
[0.309s] Level 1:colcon.colcon_core.package_discovery:discover_packages(path) check parameters
[0.309s] Level 1:colcon.colcon_core.package_discovery:discover_packages(colcon_meta) discover
[0.309s] Level 1:colcon.colcon_core.package_discovery:discover_packages(recursive) discover
[0.309s] INFO:colcon.colcon_core.package_discovery:Crawling recursively for packages in '/home/tue/Documents/ros2_ws/src/rs_control'
[0.309s] Level 1:colcon.colcon_core.package_identification:_identify(.) by extensions ['ignore', 'ignore_ament_install']
[0.309s] Level 1:colcon.colcon_core.package_identification:_identify(.) by extension 'ignore'
[0.309s] Level 1:colcon.colcon_core.package_identification:_identify(.) by extension 'ignore_ament_install'
[0.309s] Level 1:colcon.colcon_core.package_identification:_identify(.) by extensions ['colcon_pkg']
[0.309s] Level 1:colcon.colcon_core.package_identification:_identify(.) by extension 'colcon_pkg'
[0.309s] Level 1:colcon.colcon_core.package_identification:_identify(.) by extensions ['colcon_meta']
[0.310s] Level 1:colcon.colcon_core.package_identification:_identify(.) by extension 'colcon_meta'
[0.310s] Level 1:colcon.colcon_core.package_identification:_identify(.) by extensions ['ros']
[0.310s] Level 1:colcon.colcon_core.package_identification:_identify(.) by extension 'ros'
[0.334s] DEBUG:colcon.colcon_core.package_identification:Package '.' with type 'ros.ament_cmake' and name 'rs_control'
[0.334s] Level 1:colcon.colcon_core.package_discovery:discover_packages(recursive) using defaults
[0.334s] Level 1:colcon.colcon_core.package_discovery:discover_packages(ignore) discover
[0.334s] Level 1:colcon.colcon_core.package_discovery:discover_packages(ignore) using defaults
[0.334s] Level 1:colcon.colcon_core.package_discovery:discover_packages(path) discover
[0.334s] Level 1:colcon.colcon_core.package_discovery:discover_packages(path) using defaults
[0.350s] Level 1:colcon.colcon_core.package_discovery:discover_packages(prefix_path) check parameters
[0.350s] Level 1:colcon.colcon_core.package_discovery:discover_packages(prefix_path) discover
[0.352s] DEBUG:colcon.colcon_installed_package_information.package_discovery:Found 1 installed packages in /home/tue/Documents/ros2_cybergear/install
[0.353s] DEBUG:colcon.colcon_installed_package_information.package_discovery:Found 8 installed packages in /home/tue/Documents/ros2_ws/install
[0.355s] DEBUG:colcon.colcon_installed_package_information.package_discovery:Found 308 installed packages in /opt/ros/humble
[0.357s] Level 1:colcon.colcon_core.package_discovery:discover_packages(prefix_path) using defaults
[0.392s] Level 5:colcon.colcon_core.verb:set package 'rs_control' build argument 'cmake_args' from command line to 'None'
[0.392s] Level 5:colcon.colcon_core.verb:set package 'rs_control' build argument 'cmake_target' from command line to 'None'
[0.393s] Level 5:colcon.colcon_core.verb:set package 'rs_control' build argument 'cmake_target_skip_unavailable' from command line to 'False'
[0.393s] Level 5:colcon.colcon_core.verb:set package 'rs_control' build argument 'cmake_clean_cache' from command line to 'False'
[0.393s] Level 5:colcon.colcon_core.verb:set package 'rs_control' build argument 'cmake_clean_first' from command line to 'False'
[0.393s] Level 5:colcon.colcon_core.verb:set package 'rs_control' build argument 'cmake_force_configure' from command line to 'False'
[0.393s] Level 5:colcon.colcon_core.verb:set package 'rs_control' build argument 'ament_cmake_args' from command line to 'None'
[0.393s] Level 5:colcon.colcon_core.verb:set package 'rs_control' build argument 'catkin_cmake_args' from command line to 'None'
[0.393s] Level 5:colcon.colcon_core.verb:set package 'rs_control' build argument 'catkin_skip_building_tests' from command line to 'False'
[0.393s] DEBUG:colcon.colcon_core.verb:Building package 'rs_control' with the following arguments: {'ament_cmake_args': None, 'build_base': '/home/tue/Documents/ros2_ws/src/rs_control/build/rs_control', 'catkin_cmake_args': None, 'catkin_skip_building_tests': False, 'cmake_args': None, 'cmake_clean_cache': False, 'cmake_clean_first': False, 'cmake_force_configure': False, 'cmake_target': None, 'cmake_target_skip_unavailable': False, 'install_base': '/home/tue/Documents/ros2_ws/src/rs_control/install/rs_control', 'merge_install': False, 'path': '/home/tue/Documents/ros2_ws/src/rs_control', 'symlink_install': False, 'test_result_base': None}
[0.393s] INFO:colcon.colcon_core.executor:Executing jobs using 'parallel' executor
[0.394s] DEBUG:colcon.colcon_parallel_executor.executor.parallel:run_until_complete
[0.394s] INFO:colcon.colcon_ros.task.ament_cmake.build:Building ROS package in '/home/tue/Documents/ros2_ws/src/rs_control' with build type 'ament_cmake'
[0.394s] INFO:colcon.colcon_cmake.task.cmake.build:Building CMake package in '/home/tue/Documents/ros2_ws/src/rs_control'
[0.396s] INFO:colcon.colcon_core.plugin_system:Skipping extension 'colcon_core.shell.bat': Not used on non-Windows systems
[0.396s] INFO:colcon.colcon_core.shell:Skip shell extension 'powershell' for command environment: Not usable outside of PowerShell
[0.396s] DEBUG:colcon.colcon_core.shell:Skip shell extension 'dsv' for command environment
[0.408s] DEBUG:colcon.colcon_core.event_handler.log_command:Invoking command in '/home/tue/Documents/ros2_ws/src/rs_control/build/rs_control': CMAKE_PREFIX_PATH=${CMAKE_PREFIX_PATH}:/home/tue/Documents/ros2_ws/install/cbgear:/home/tue/Documents/ros2_cybergear/install/cbgear_node:/opt/ros/humble /usr/bin/cmake --build /home/tue/Documents/ros2_ws/src/rs_control/build/rs_control -- -j12 -l12
[11.172s] DEBUG:colcon.colcon_core.event_handler.log_command:Invoked command in '/home/tue/Documents/ros2_ws/src/rs_control/build/rs_control' returned '0': CMAKE_PREFIX_PATH=${CMAKE_PREFIX_PATH}:/home/tue/Documents/ros2_ws/install/cbgear:/home/tue/Documents/ros2_cybergear/install/cbgear_node:/opt/ros/humble /usr/bin/cmake --build /home/tue/Documents/ros2_ws/src/rs_control/build/rs_control -- -j12 -l12
[11.186s] DEBUG:colcon.colcon_core.event_handler.log_command:Invoking command in '/home/tue/Documents/ros2_ws/src/rs_control/build/rs_control': CMAKE_PREFIX_PATH=${CMAKE_PREFIX_PATH}:/home/tue/Documents/ros2_ws/install/cbgear:/home/tue/Documents/ros2_cybergear/install/cbgear_node:/opt/ros/humble /usr/bin/cmake --install /home/tue/Documents/ros2_ws/src/rs_control/build/rs_control
[11.207s] Level 1:colcon.colcon_core.environment:create_environment_scripts_only(rs_control)
[11.207s] DEBUG:colcon.colcon_core.event_handler.log_command:Invoked command in '/home/tue/Documents/ros2_ws/src/rs_control/build/rs_control' returned '0': CMAKE_PREFIX_PATH=${CMAKE_PREFIX_PATH}:/home/tue/Documents/ros2_ws/install/cbgear:/home/tue/Documents/ros2_cybergear/install/cbgear_node:/opt/ros/humble /usr/bin/cmake --install /home/tue/Documents/ros2_ws/src/rs_control/build/rs_control
[11.210s] Level 1:colcon.colcon_core.environment:checking '/home/tue/Documents/ros2_ws/src/rs_control/install/rs_control' for CMake module files
[11.211s] Level 1:colcon.colcon_core.environment:checking '/home/tue/Documents/ros2_ws/src/rs_control/install/rs_control' for CMake config files
[11.211s] Level 1:colcon.colcon_core.shell:create_environment_hook('rs_control', 'cmake_prefix_path')
[11.211s] INFO:colcon.colcon_core.shell:Creating environment hook '/home/tue/Documents/ros2_ws/src/rs_control/install/rs_control/share/rs_control/hook/cmake_prefix_path.ps1'
[11.212s] INFO:colcon.colcon_core.shell:Creating environment descriptor '/home/tue/Documents/ros2_ws/src/rs_control/install/rs_control/share/rs_control/hook/cmake_prefix_path.dsv'
[11.212s] INFO:colcon.colcon_core.shell:Creating environment hook '/home/tue/Documents/ros2_ws/src/rs_control/install/rs_control/share/rs_control/hook/cmake_prefix_path.sh'
[11.213s] Level 1:colcon.colcon_core.environment:checking '/home/tue/Documents/ros2_ws/src/rs_control/install/rs_control/lib'
[11.213s] Level 1:colcon.colcon_core.environment:checking '/home/tue/Documents/ros2_ws/src/rs_control/install/rs_control/bin'
[11.213s] Level 1:colcon.colcon_core.environment:checking '/home/tue/Documents/ros2_ws/src/rs_control/install/rs_control/lib/pkgconfig/rs_control.pc'
[11.214s] Level 1:colcon.colcon_core.environment:checking '/home/tue/Documents/ros2_ws/src/rs_control/install/rs_control/lib/python3.10/site-packages'
[11.214s] Level 1:colcon.colcon_core.environment:checking '/home/tue/Documents/ros2_ws/src/rs_control/install/rs_control/bin'
[11.214s] INFO:colcon.colcon_core.shell:Creating package script '/home/tue/Documents/ros2_ws/src/rs_control/install/rs_control/share/rs_control/package.ps1'
[11.215s] INFO:colcon.colcon_core.shell:Creating package descriptor '/home/tue/Documents/ros2_ws/src/rs_control/install/rs_control/share/rs_control/package.dsv'
[11.215s] INFO:colcon.colcon_core.shell:Creating package script '/home/tue/Documents/ros2_ws/src/rs_control/install/rs_control/share/rs_control/package.sh'
[11.216s] INFO:colcon.colcon_core.shell:Creating package script '/home/tue/Documents/ros2_ws/src/rs_control/install/rs_control/share/rs_control/package.bash'
[11.217s] INFO:colcon.colcon_core.shell:Creating package script '/home/tue/Documents/ros2_ws/src/rs_control/install/rs_control/share/rs_control/package.zsh'
[11.217s] Level 1:colcon.colcon_core.environment:create_file_with_runtime_dependencies(/home/tue/Documents/ros2_ws/src/rs_control/install/rs_control/share/colcon-core/packages/rs_control)
[11.218s] Level 1:colcon.colcon_core.environment:create_environment_scripts_only(rs_control)
[11.218s] Level 1:colcon.colcon_core.environment:checking '/home/tue/Documents/ros2_ws/src/rs_control/install/rs_control' for CMake module files
[11.219s] Level 1:colcon.colcon_core.environment:checking '/home/tue/Documents/ros2_ws/src/rs_control/install/rs_control' for CMake config files
[11.219s] Level 1:colcon.colcon_core.shell:create_environment_hook('rs_control', 'cmake_prefix_path')
[11.220s] INFO:colcon.colcon_core.shell:Creating environment hook '/home/tue/Documents/ros2_ws/src/rs_control/install/rs_control/share/rs_control/hook/cmake_prefix_path.ps1'
[11.220s] INFO:colcon.colcon_core.shell:Creating environment descriptor '/home/tue/Documents/ros2_ws/src/rs_control/install/rs_control/share/rs_control/hook/cmake_prefix_path.dsv'
[11.221s] INFO:colcon.colcon_core.shell:Creating environment hook '/home/tue/Documents/ros2_ws/src/rs_control/install/rs_control/share/rs_control/hook/cmake_prefix_path.sh'
[11.221s] Level 1:colcon.colcon_core.environment:checking '/home/tue/Documents/ros2_ws/src/rs_control/install/rs_control/lib'
[11.222s] Level 1:colcon.colcon_core.environment:checking '/home/tue/Documents/ros2_ws/src/rs_control/install/rs_control/bin'
[11.222s] Level 1:colcon.colcon_core.environment:checking '/home/tue/Documents/ros2_ws/src/rs_control/install/rs_control/lib/pkgconfig/rs_control.pc'
[11.222s] Level 1:colcon.colcon_core.environment:checking '/home/tue/Documents/ros2_ws/src/rs_control/install/rs_control/lib/python3.10/site-packages'
[11.222s] Level 1:colcon.colcon_core.environment:checking '/home/tue/Documents/ros2_ws/src/rs_control/install/rs_control/bin'
[11.222s] INFO:colcon.colcon_core.shell:Creating package script '/home/tue/Documents/ros2_ws/src/rs_control/install/rs_control/share/rs_control/package.ps1'
[11.223s] INFO:colcon.colcon_core.shell:Creating package descriptor '/home/tue/Documents/ros2_ws/src/rs_control/install/rs_control/share/rs_control/package.dsv'
[11.224s] INFO:colcon.colcon_core.shell:Creating package script '/home/tue/Documents/ros2_ws/src/rs_control/install/rs_control/share/rs_control/package.sh'
[11.224s] INFO:colcon.colcon_core.shell:Creating package script '/home/tue/Documents/ros2_ws/src/rs_control/install/rs_control/share/rs_control/package.bash'
[11.225s] INFO:colcon.colcon_core.shell:Creating package script '/home/tue/Documents/ros2_ws/src/rs_control/install/rs_control/share/rs_control/package.zsh'
[11.226s] Level 1:colcon.colcon_core.environment:create_file_with_runtime_dependencies(/home/tue/Documents/ros2_ws/src/rs_control/install/rs_control/share/colcon-core/packages/rs_control)
[11.226s] DEBUG:colcon.colcon_parallel_executor.executor.parallel:closing loop
[11.226s] DEBUG:colcon.colcon_parallel_executor.executor.parallel:loop closed
[11.229s] DEBUG:colcon.colcon_parallel_executor.executor.parallel:run_until_complete finished with '0'
[11.229s] DEBUG:colcon.colcon_core.event_reactor:joining thread
[11.236s] INFO:colcon.colcon_core.plugin_system:Skipping extension 'colcon_notification.desktop_notification.terminal_notifier': Not used on non-Darwin systems
[11.236s] INFO:colcon.colcon_core.plugin_system:Skipping extension 'colcon_notification.desktop_notification.win32': Not used on non-Windows systems
[11.236s] INFO:colcon.colcon_notification.desktop_notification:Sending desktop notification using 'notify2'
[11.248s] DEBUG:colcon.colcon_core.event_reactor:joined thread
[11.249s] INFO:colcon.colcon_core.shell:Creating prefix script '/home/tue/Documents/ros2_ws/src/rs_control/install/local_setup.ps1'
[11.250s] INFO:colcon.colcon_core.shell:Creating prefix util module '/home/tue/Documents/ros2_ws/src/rs_control/install/_local_setup_util_ps1.py'
[11.252s] INFO:colcon.colcon_core.shell:Creating prefix chain script '/home/tue/Documents/ros2_ws/src/rs_control/install/setup.ps1'
[11.254s] INFO:colcon.colcon_core.shell:Creating prefix script '/home/tue/Documents/ros2_ws/src/rs_control/install/local_setup.sh'
[11.255s] INFO:colcon.colcon_core.shell:Creating prefix util module '/home/tue/Documents/ros2_ws/src/rs_control/install/_local_setup_util_sh.py'
[11.256s] INFO:colcon.colcon_core.shell:Creating prefix chain script '/home/tue/Documents/ros2_ws/src/rs_control/install/setup.sh'
[11.258s] INFO:colcon.colcon_core.shell:Creating prefix script '/home/tue/Documents/ros2_ws/src/rs_control/install/local_setup.bash'
[11.258s] INFO:colcon.colcon_core.shell:Creating prefix chain script '/home/tue/Documents/ros2_ws/src/rs_control/install/setup.bash'
[11.260s] INFO:colcon.colcon_core.shell:Creating prefix script '/home/tue/Documents/ros2_ws/src/rs_control/install/local_setup.zsh'
[11.260s] INFO:colcon.colcon_core.shell:Creating prefix chain script '/home/tue/Documents/ros2_ws/src/rs_control/install/setup.zsh'
