-- The C compiler identification is GNU 11.4.0
-- The CXX compiler identification is GNU 11.4.0
-- Detecting C compiler ABI info
-- Detecting C compiler ABI info - done
-- Check for working C compiler: /usr/bin/cc - skipped
-- Detecting C compile features
-- Detecting C compile features - done
-- Detecting CXX compiler ABI info
-- Detecting CXX compiler ABI info - done
-- Check for working CXX compiler: /usr/bin/c++ - skipped
-- Detecting CXX compile features
-- Detecting CXX compile features - done
-- Found ament_cmake: 1.3.12 (/opt/ros/humble/share/ament_cmake/cmake)
-- Found Python3: /usr/bin/python3 (found version "3.10.12") found components: Interpreter 
-- Found rclcpp: 16.0.16 (/opt/ros/humble/share/rclcpp/cmake)
-- Found rosidl_generator_c: 3.1.7 (/opt/ros/humble/share/rosidl_generator_c/cmake)
-- Found rosidl_adapter: 3.1.7 (/opt/ros/humble/share/rosidl_adapter/cmake)
-- Found rosidl_generator_cpp: 3.1.7 (/opt/ros/humble/share/rosidl_generator_cpp/cmake)
-- Using all available rosidl_typesupport_c: rosidl_typesupport_fastrtps_c;rosidl_typesupport_introspection_c
-- Using all available rosidl_typesupport_cpp: rosidl_typesupport_fastrtps_cpp;rosidl_typesupport_introspection_cpp
-- Found rmw_implementation_cmake: 6.1.2 (/opt/ros/humble/share/rmw_implementation_cmake/cmake)
-- Found rmw_fastrtps_cpp: 6.2.9 (/opt/ros/humble/share/rmw_fastrtps_cpp/cmake)
-- Found OpenSSL: /usr/lib/x86_64-linux-gnu/libcrypto.so (found version "3.0.2")  
-- Found FastRTPS: /opt/ros/humble/include  
-- Using RMW implementation 'rmw_fastrtps_cpp' as default
-- Looking for pthread.h
-- Looking for pthread.h - found
-- Performing Test CMAKE_HAVE_LIBC_PTHREAD
-- Performing Test CMAKE_HAVE_LIBC_PTHREAD - Success
-- Found Threads: TRUE  
-- Found sensor_msgs: 4.9.0 (/opt/ros/humble/share/sensor_msgs/cmake)
-- Found rosidl_default_generators: 1.2.0 (/opt/ros/humble/share/rosidl_default_generators/cmake)
-- Found ament_cmake_ros: 0.10.0 (/opt/ros/humble/share/ament_cmake_ros/cmake)
-- Using all available rosidl_typesupport_c: rosidl_typesupport_fastrtps_c;rosidl_typesupport_introspection_c
-- Using all available rosidl_typesupport_cpp: rosidl_typesupport_fastrtps_cpp;rosidl_typesupport_introspection_cpp
-- Found PythonInterp: /usr/bin/python3 (found suitable version "3.10.12", minimum required is "3.6") 
-- Found python_cmake_module: 0.10.0 (/opt/ros/humble/share/python_cmake_module/cmake)
-- Found PythonLibs: /usr/lib/x86_64-linux-gnu/libpython3.10.so (found suitable version "3.10.12", minimum required is "3.5") 
-- Using PYTHON_EXECUTABLE: /usr/bin/python3
-- Using PYTHON_INCLUDE_DIRS: /usr/include/python3.10
-- Using PYTHON_LIBRARIES: /usr/lib/x86_64-linux-gnu/libpython3.10.so
-- Found PythonExtra: .so  
-- Found ament_lint_auto: 0.12.14 (/opt/ros/humble/share/ament_lint_auto/cmake)
-- Added test 'cppcheck' to perform static code analysis on C / C++ code
-- Configured cppcheck include dirs: /home/tue/rs_control/include;/home/tue/rs_control/build/rs_control/rosidl_generator_cpp;$<BUILD_INTERFACE:/home/tue/rs_control/build/rs_control/rosidl_generator_c>;$<BUILD_INTERFACE:/home/tue/rs_control/build/rs_control/rosidl_typesupport_fastrtps_c>;$<BUILD_INTERFACE:/home/tue/rs_control/build/rs_control/rosidl_generator_cpp>;$<BUILD_INTERFACE:/home/tue/rs_control/build/rs_control/rosidl_typesupport_fastrtps_cpp>;$<BUILD_INTERFACE:/home/tue/rs_control/build/rs_control/rosidl_typesupport_introspection_c>;$<BUILD_INTERFACE:/home/tue/rs_control/build/rs_control/rosidl_typesupport_introspection_cpp>;/home/tue/rs_control/build/rs_control/rosidl_generator_c;/home/tue/rs_control/build/rs_control/rosidl_generator_py
-- Configured cppcheck exclude dirs and/or files: 
-- Added test 'flake8' to check Python code syntax and style conventions
-- Added test 'lint_cmake' to check CMake code style
-- Added test 'pep257' to check Python code against some of the docstring style conventions in PEP 257
-- Added test 'uncrustify' to check C / C++ code style
-- Configured uncrustify additional arguments: 
-- Added test 'xmllint' to check XML markup files
-- Configuring done
-- Generating done
-- Build files have been written to: /home/tue/rs_control/build/rs_control
[  2%] [34m[1mGenerating C code for ROS interfaces[0m
[  7%] [32mBuilding CXX object CMakeFiles/main_control_node.dir/src/main_control_node.cpp.o[0m
[  7%] [32mBuilding CXX object CMakeFiles/rob_stride_motor.dir/src/rob_stride_motor.cpp.o[0m
[ 13%] [34m[1mGenerating C++ code for ROS interfaces[0m
[ 13%] [32mBuilding CXX object CMakeFiles/main_control_node.dir/src/can_interface.cpp.o[0m
[ 13%] Built target ament_cmake_python_copy_rs_control
running egg_info
creating rs_control.egg-info
writing rs_control.egg-info/PKG-INFO
writing dependency_links to rs_control.egg-info/dependency_links.txt
writing top-level names to rs_control.egg-info/top_level.txt
writing manifest file 'rs_control.egg-info/SOURCES.txt'
reading manifest file 'rs_control.egg-info/SOURCES.txt'
writing manifest file 'rs_control.egg-info/SOURCES.txt'
[ 13%] Built target rs_control__cpp
[ 18%] [34m[1mGenerating C++ type support dispatch for ROS interfaces[0m
[ 18%] [34m[1mGenerating C++ type support for eProsima Fast-RTPS[0m
[ 21%] [34m[1mGenerating C++ introspection for ROS interfaces[0m
[ 21%] Built target ament_cmake_python_build_rs_control_egg
[ 23%] [32mBuilding C object CMakeFiles/rs_control__rosidl_generator_c.dir/rosidl_generator_c/rs_control/msg/detail/sine_wave_parameters__functions.c.o[0m
[ 26%] [32m[1mLinking C shared library librs_control__rosidl_generator_c.so[0m
[ 26%] Built target rs_control__rosidl_generator_c
[ 31%] [34m[1mGenerating C introspection for ROS interfaces[0m
[ 31%] [34m[1mGenerating C type support for eProsima Fast-RTPS[0m
[ 34%] [34m[1mGenerating C type support dispatch for ROS interfaces[0m
[ 36%] [32mBuilding CXX object CMakeFiles/rs_control__rosidl_typesupport_cpp.dir/rosidl_typesupport_cpp/rs_control/msg/sine_wave_parameters__type_support.cpp.o[0m
[ 39%] [32mBuilding CXX object CMakeFiles/rs_control__rosidl_typesupport_introspection_cpp.dir/rosidl_typesupport_introspection_cpp/rs_control/msg/detail/sine_wave_parameters__type_support.cpp.o[0m
[ 42%] [32mBuilding CXX object CMakeFiles/rs_control__rosidl_typesupport_fastrtps_cpp.dir/rosidl_typesupport_fastrtps_cpp/rs_control/msg/detail/dds_fastrtps/sine_wave_parameters__type_support.cpp.o[0m
[ 44%] [32m[1mLinking CXX shared library librob_stride_motor.so[0m
[ 44%] Built target rob_stride_motor
[ 47%] [32mBuilding CXX object CMakeFiles/rs_control__rosidl_typesupport_c.dir/rosidl_typesupport_c/rs_control/msg/sine_wave_parameters__type_support.cpp.o[0m
[ 50%] [32m[1mLinking CXX shared library librs_control__rosidl_typesupport_cpp.so[0m
[ 52%] [32mBuilding CXX object CMakeFiles/rs_control__rosidl_typesupport_fastrtps_c.dir/rosidl_typesupport_fastrtps_c/rs_control/msg/detail/sine_wave_parameters__type_support_c.cpp.o[0m
[ 55%] [32mBuilding C object CMakeFiles/rs_control__rosidl_typesupport_introspection_c.dir/rosidl_typesupport_introspection_c/rs_control/msg/detail/sine_wave_parameters__type_support.c.o[0m
[ 57%] [32m[1mLinking CXX shared library librs_control__rosidl_typesupport_c.so[0m
[ 57%] Built target rs_control__rosidl_typesupport_cpp
[ 60%] [32m[1mLinking C shared library librs_control__rosidl_typesupport_introspection_c.so[0m
[ 60%] Built target rs_control__rosidl_typesupport_c
[ 63%] [32mBuilding CXX object CMakeFiles/dual_controller_node.dir/src/dual_controller_node.cpp.o[0m
[ 63%] Built target rs_control__rosidl_typesupport_introspection_c
[ 65%] [32m[1mLinking CXX shared library librs_control__rosidl_typesupport_introspection_cpp.so[0m
[ 68%] [32m[1mLinking CXX shared library librs_control__rosidl_typesupport_fastrtps_cpp.so[0m
[ 68%] Built target rs_control__rosidl_typesupport_introspection_cpp
[ 68%] Built target rs_control__rosidl_typesupport_fastrtps_cpp
[ 71%] [32m[1mLinking CXX shared library librs_control__rosidl_typesupport_fastrtps_c.so[0m
[ 71%] Built target rs_control__rosidl_typesupport_fastrtps_c
[ 71%] Built target rs_control
[ 73%] [34m[1mGenerating Python code for ROS interfaces[0m
[ 73%] Built target rs_control__py
[ 76%] [32mBuilding C object CMakeFiles/rs_control__rosidl_generator_py.dir/rosidl_generator_py/rs_control/msg/_sine_wave_parameters_s.c.o[0m
[ 78%] [32m[1mLinking C shared library rosidl_generator_py/rs_control/librs_control__rosidl_generator_py.so[0m
[ 78%] Built target rs_control__rosidl_generator_py
[ 86%] [32mBuilding C object CMakeFiles/rs_control__rosidl_typesupport_introspection_c__pyext.dir/rosidl_generator_py/rs_control/_rs_control_s.ep.rosidl_typesupport_introspection_c.c.o[0m
[ 86%] [32mBuilding C object CMakeFiles/rs_control__rosidl_typesupport_c__pyext.dir/rosidl_generator_py/rs_control/_rs_control_s.ep.rosidl_typesupport_c.c.o[0m
[ 86%] [32mBuilding C object CMakeFiles/rs_control__rosidl_typesupport_fastrtps_c__pyext.dir/rosidl_generator_py/rs_control/_rs_control_s.ep.rosidl_typesupport_fastrtps_c.c.o[0m
[ 92%] [32m[1mLinking C shared library rosidl_generator_py/rs_control/rs_control_s__rosidl_typesupport_c.cpython-310-x86_64-linux-gnu.so[0m
[ 92%] [32m[1mLinking C shared library rosidl_generator_py/rs_control/rs_control_s__rosidl_typesupport_introspection_c.cpython-310-x86_64-linux-gnu.so[0m
[ 94%] [32m[1mLinking C shared library rosidl_generator_py/rs_control/rs_control_s__rosidl_typesupport_fastrtps_c.cpython-310-x86_64-linux-gnu.so[0m
[ 94%] Built target rs_control__rosidl_typesupport_c__pyext
[ 94%] Built target rs_control__rosidl_typesupport_introspection_c__pyext
[ 94%] Built target rs_control__rosidl_typesupport_fastrtps_c__pyext
[01m[K/home/tue/rs_control/src/dual_controller_node.cpp:[m[K In member function ‘[01m[Kvoid DualControllerNode::control_loop()[m[K’:
[01m[K/home/tue/rs_control/src/dual_controller_node.cpp:156:43:[m[K [01;31m[Kerror: [m[K‘[01m[KVELOCITY_MODE[m[K’ is not a member of ‘[01m[KControlMode[m[K’
  156 |         } else if (mode1_ == ControlMode::[01;31m[KVELOCITY_MODE[m[K) {
      |                                           [01;31m[K^~~~~~~~~~~~~[m[K
[01m[K/home/tue/rs_control/src/dual_controller_node.cpp:164:43:[m[K [01;31m[Kerror: [m[K‘[01m[KVELOCITY_MODE[m[K’ is not a member of ‘[01m[KControlMode[m[K’
  164 |         } else if (mode2_ == ControlMode::[01;31m[KVELOCITY_MODE[m[K) {
      |                                           [01;31m[K^~~~~~~~~~~~~[m[K
gmake[2]: *** [CMakeFiles/dual_controller_node.dir/build.make:76: CMakeFiles/dual_controller_node.dir/src/dual_controller_node.cpp.o] Error 1
gmake[1]: *** [CMakeFiles/Makefile2:650: CMakeFiles/dual_controller_node.dir/all] Error 2
gmake[1]: *** Waiting for unfinished jobs....
[ 97%] [32m[1mLinking CXX executable main_control_node[0m
[ 97%] Built target main_control_node
gmake: *** [Makefile:146: all] Error 2
