[0.011s] Invoking command in '/home/tue/rs_control/build/rs_control': CMAKE_PREFIX_PATH=${CMAKE_PREFIX_PATH}:/opt/ros/humble /usr/bin/cmake /home/tue/rs_control -DCMAKE_INSTALL_PREFIX=/home/tue/rs_control/install/rs_control
[0.073s] -- The C compiler identification is GNU 11.4.0
[0.134s] -- The CXX compiler identification is GNU 11.4.0
[0.142s] -- Detecting C compiler ABI info
[0.214s] -- Detecting C compiler ABI info - done
[0.220s] -- Check for working C compiler: /usr/bin/cc - skipped
[0.220s] -- Detecting C compile features
[0.221s] -- Detecting C compile features - done
[0.223s] -- Detecting CXX compiler ABI info
[0.311s] -- Detecting CXX compiler ABI info - done
[0.317s] -- Check for working CXX compiler: /usr/bin/c++ - skipped
[0.317s] -- Detecting CXX compile features
[0.318s] -- Detecting CXX compile features - done
[0.320s] -- Found ament_cmake: 1.3.12 (/opt/ros/humble/share/ament_cmake/cmake)
[0.462s] -- Found Python3: /usr/bin/python3 (found version "3.10.12") found components: Interpreter 
[0.545s] -- Found rclcpp: 16.0.16 (/opt/ros/humble/share/rclcpp/cmake)
[0.582s] -- Found rosidl_generator_c: 3.1.7 (/opt/ros/humble/share/rosidl_generator_c/cmake)
[0.586s] -- Found rosidl_adapter: 3.1.7 (/opt/ros/humble/share/rosidl_adapter/cmake)
[0.593s] -- Found rosidl_generator_cpp: 3.1.7 (/opt/ros/humble/share/rosidl_generator_cpp/cmake)
[0.604s] -- Using all available rosidl_typesupport_c: rosidl_typesupport_fastrtps_c;rosidl_typesupport_introspection_c
[0.618s] -- Using all available rosidl_typesupport_cpp: rosidl_typesupport_fastrtps_cpp;rosidl_typesupport_introspection_cpp
[0.662s] -- Found rmw_implementation_cmake: 6.1.2 (/opt/ros/humble/share/rmw_implementation_cmake/cmake)
[0.665s] -- Found rmw_fastrtps_cpp: 6.2.9 (/opt/ros/humble/share/rmw_fastrtps_cpp/cmake)
[0.791s] -- Found OpenSSL: /usr/lib/x86_64-linux-gnu/libcrypto.so (found version "3.0.2")  
[0.819s] -- Found FastRTPS: /opt/ros/humble/include  
[0.862s] -- Using RMW implementation 'rmw_fastrtps_cpp' as default
[0.870s] -- Looking for pthread.h
[0.953s] -- Looking for pthread.h - found
[0.953s] -- Performing Test CMAKE_HAVE_LIBC_PTHREAD
[1.034s] -- Performing Test CMAKE_HAVE_LIBC_PTHREAD - Success
[1.035s] -- Found Threads: TRUE  
[1.079s] -- Found sensor_msgs: 4.9.0 (/opt/ros/humble/share/sensor_msgs/cmake)
[1.106s] -- Found rosidl_default_generators: 1.2.0 (/opt/ros/humble/share/rosidl_default_generators/cmake)
[1.355s] -- Found ament_cmake_ros: 0.10.0 (/opt/ros/humble/share/ament_cmake_ros/cmake)
[1.634s] -- Using all available rosidl_typesupport_c: rosidl_typesupport_fastrtps_c;rosidl_typesupport_introspection_c
[1.741s] -- Using all available rosidl_typesupport_cpp: rosidl_typesupport_fastrtps_cpp;rosidl_typesupport_introspection_cpp
[1.762s] -- Found PythonInterp: /usr/bin/python3 (found suitable version "3.10.12", minimum required is "3.6") 
[1.763s] -- Found python_cmake_module: 0.10.0 (/opt/ros/humble/share/python_cmake_module/cmake)
[1.787s] -- Found PythonLibs: /usr/lib/x86_64-linux-gnu/libpython3.10.so (found suitable version "3.10.12", minimum required is "3.5") 
[1.787s] -- Using PYTHON_EXECUTABLE: /usr/bin/python3
[1.788s] -- Using PYTHON_INCLUDE_DIRS: /usr/include/python3.10
[1.788s] -- Using PYTHON_LIBRARIES: /usr/lib/x86_64-linux-gnu/libpython3.10.so
[1.807s] -- Found PythonExtra: .so  
[1.842s] -- Found ament_lint_auto: 0.12.14 (/opt/ros/humble/share/ament_lint_auto/cmake)
[1.871s] -- Added test 'cppcheck' to perform static code analysis on C / C++ code
[1.873s] -- Configured cppcheck include dirs: /home/tue/rs_control/include;/home/tue/rs_control/build/rs_control/rosidl_generator_cpp;$<BUILD_INTERFACE:/home/tue/rs_control/build/rs_control/rosidl_generator_c>;$<BUILD_INTERFACE:/home/tue/rs_control/build/rs_control/rosidl_typesupport_fastrtps_c>;$<BUILD_INTERFACE:/home/tue/rs_control/build/rs_control/rosidl_generator_cpp>;$<BUILD_INTERFACE:/home/tue/rs_control/build/rs_control/rosidl_typesupport_fastrtps_cpp>;$<BUILD_INTERFACE:/home/tue/rs_control/build/rs_control/rosidl_typesupport_introspection_c>;$<BUILD_INTERFACE:/home/tue/rs_control/build/rs_control/rosidl_typesupport_introspection_cpp>;/home/tue/rs_control/build/rs_control/rosidl_generator_c;/home/tue/rs_control/build/rs_control/rosidl_generator_py
[1.873s] -- Configured cppcheck exclude dirs and/or files: 
[1.875s] -- Added test 'flake8' to check Python code syntax and style conventions
[1.878s] -- Added test 'lint_cmake' to check CMake code style
[1.880s] -- Added test 'pep257' to check Python code against some of the docstring style conventions in PEP 257
[1.893s] -- Added test 'uncrustify' to check C / C++ code style
[1.894s] -- Configured uncrustify additional arguments: 
[1.895s] -- Added test 'xmllint' to check XML markup files
[1.898s] -- Configuring done
[1.947s] -- Generating done
[1.961s] -- Build files have been written to: /home/tue/rs_control/build/rs_control
[1.977s] Invoked command in '/home/tue/rs_control/build/rs_control' returned '0': CMAKE_PREFIX_PATH=${CMAKE_PREFIX_PATH}:/opt/ros/humble /usr/bin/cmake /home/tue/rs_control -DCMAKE_INSTALL_PREFIX=/home/tue/rs_control/install/rs_control
[1.980s] Invoking command in '/home/tue/rs_control/build/rs_control': CMAKE_PREFIX_PATH=${CMAKE_PREFIX_PATH}:/opt/ros/humble /usr/bin/cmake --build /home/tue/rs_control/build/rs_control -- -j12 -l12
[2.025s] [  2%] [34m[1mGenerating C code for ROS interfaces[0m
[2.036s] [  7%] [32mBuilding CXX object CMakeFiles/main_control_node.dir/src/main_control_node.cpp.o[0m
[2.036s] [  7%] [32mBuilding CXX object CMakeFiles/rob_stride_motor.dir/src/rob_stride_motor.cpp.o[0m
[2.036s] [ 13%] [34m[1mGenerating C++ code for ROS interfaces[0m
[2.036s] [ 13%] [32mBuilding CXX object CMakeFiles/main_control_node.dir/src/can_interface.cpp.o[0m
[2.049s] [ 13%] Built target ament_cmake_python_copy_rs_control
[2.303s] running egg_info
[2.304s] creating rs_control.egg-info
[2.305s] writing rs_control.egg-info/PKG-INFO
[2.305s] writing dependency_links to rs_control.egg-info/dependency_links.txt
[2.305s] writing top-level names to rs_control.egg-info/top_level.txt
[2.305s] writing manifest file 'rs_control.egg-info/SOURCES.txt'
[2.308s] reading manifest file 'rs_control.egg-info/SOURCES.txt'
[2.309s] writing manifest file 'rs_control.egg-info/SOURCES.txt'
[2.358s] [ 13%] Built target rs_control__cpp
[2.371s] [ 18%] [34m[1mGenerating C++ type support dispatch for ROS interfaces[0m
[2.371s] [ 18%] [34m[1mGenerating C++ type support for eProsima Fast-RTPS[0m
[2.373s] [ 21%] [34m[1mGenerating C++ introspection for ROS interfaces[0m
[2.381s] [ 21%] Built target ament_cmake_python_build_rs_control_egg
[2.382s] [ 23%] [32mBuilding C object CMakeFiles/rs_control__rosidl_generator_c.dir/rosidl_generator_c/rs_control/msg/detail/sine_wave_parameters__functions.c.o[0m
[2.434s] [ 26%] [32m[1mLinking C shared library librs_control__rosidl_generator_c.so[0m
[2.481s] [ 26%] Built target rs_control__rosidl_generator_c
[2.496s] [ 31%] [34m[1mGenerating C introspection for ROS interfaces[0m
[2.496s] [ 31%] [34m[1mGenerating C type support for eProsima Fast-RTPS[0m
[2.497s] [ 34%] [34m[1mGenerating C type support dispatch for ROS interfaces[0m
[2.706s] [ 36%] [32mBuilding CXX object CMakeFiles/rs_control__rosidl_typesupport_cpp.dir/rosidl_typesupport_cpp/rs_control/msg/sine_wave_parameters__type_support.cpp.o[0m
[2.719s] [ 39%] [32mBuilding CXX object CMakeFiles/rs_control__rosidl_typesupport_introspection_cpp.dir/rosidl_typesupport_introspection_cpp/rs_control/msg/detail/sine_wave_parameters__type_support.cpp.o[0m
[2.730s] [ 42%] [32mBuilding CXX object CMakeFiles/rs_control__rosidl_typesupport_fastrtps_cpp.dir/rosidl_typesupport_fastrtps_cpp/rs_control/msg/detail/dds_fastrtps/sine_wave_parameters__type_support.cpp.o[0m
[2.806s] [ 44%] [32m[1mLinking CXX shared library librob_stride_motor.so[0m
[2.970s] [ 44%] Built target rob_stride_motor
[2.974s] [ 47%] [32mBuilding CXX object CMakeFiles/rs_control__rosidl_typesupport_c.dir/rosidl_typesupport_c/rs_control/msg/sine_wave_parameters__type_support.cpp.o[0m
[2.983s] [ 50%] [32m[1mLinking CXX shared library librs_control__rosidl_typesupport_cpp.so[0m
[3.001s] [ 52%] [32mBuilding CXX object CMakeFiles/rs_control__rosidl_typesupport_fastrtps_c.dir/rosidl_typesupport_fastrtps_c/rs_control/msg/detail/sine_wave_parameters__type_support_c.cpp.o[0m
[3.005s] [ 55%] [32mBuilding C object CMakeFiles/rs_control__rosidl_typesupport_introspection_c.dir/rosidl_typesupport_introspection_c/rs_control/msg/detail/sine_wave_parameters__type_support.c.o[0m
[3.008s] [ 57%] [32m[1mLinking CXX shared library librs_control__rosidl_typesupport_c.so[0m
[3.036s] [ 57%] Built target rs_control__rosidl_typesupport_cpp
[3.047s] [ 60%] [32m[1mLinking C shared library librs_control__rosidl_typesupport_introspection_c.so[0m
[3.060s] [ 60%] Built target rs_control__rosidl_typesupport_c
[3.063s] [ 63%] [32mBuilding CXX object CMakeFiles/dual_controller_node.dir/src/dual_controller_node.cpp.o[0m
[3.083s] [ 63%] Built target rs_control__rosidl_typesupport_introspection_c
[3.116s] [ 65%] [32m[1mLinking CXX shared library librs_control__rosidl_typesupport_introspection_cpp.so[0m
[3.131s] [ 68%] [32m[1mLinking CXX shared library librs_control__rosidl_typesupport_fastrtps_cpp.so[0m
[3.163s] [ 68%] Built target rs_control__rosidl_typesupport_introspection_cpp
[3.255s] [ 68%] Built target rs_control__rosidl_typesupport_fastrtps_cpp
[3.342s] [ 71%] [32m[1mLinking CXX shared library librs_control__rosidl_typesupport_fastrtps_c.so[0m
[3.494s] [ 71%] Built target rs_control__rosidl_typesupport_fastrtps_c
[3.517s] [ 71%] Built target rs_control
[3.541s] [ 73%] [34m[1mGenerating Python code for ROS interfaces[0m
[3.926s] [ 73%] Built target rs_control__py
[3.950s] [ 76%] [32mBuilding C object CMakeFiles/rs_control__rosidl_generator_py.dir/rosidl_generator_py/rs_control/msg/_sine_wave_parameters_s.c.o[0m
[4.047s] [ 78%] [32m[1mLinking C shared library rosidl_generator_py/rs_control/librs_control__rosidl_generator_py.so[0m
[4.096s] [ 78%] Built target rs_control__rosidl_generator_py
[4.121s] [ 86%] [32mBuilding C object CMakeFiles/rs_control__rosidl_typesupport_introspection_c__pyext.dir/rosidl_generator_py/rs_control/_rs_control_s.ep.rosidl_typesupport_introspection_c.c.o[0m
[4.121s] [ 86%] [32mBuilding C object CMakeFiles/rs_control__rosidl_typesupport_c__pyext.dir/rosidl_generator_py/rs_control/_rs_control_s.ep.rosidl_typesupport_c.c.o[0m
[4.121s] [ 86%] [32mBuilding C object CMakeFiles/rs_control__rosidl_typesupport_fastrtps_c__pyext.dir/rosidl_generator_py/rs_control/_rs_control_s.ep.rosidl_typesupport_fastrtps_c.c.o[0m
[4.212s] [ 92%] [32m[1mLinking C shared library rosidl_generator_py/rs_control/rs_control_s__rosidl_typesupport_c.cpython-310-x86_64-linux-gnu.so[0m
[4.212s] [ 92%] [32m[1mLinking C shared library rosidl_generator_py/rs_control/rs_control_s__rosidl_typesupport_introspection_c.cpython-310-x86_64-linux-gnu.so[0m
[4.219s] [ 94%] [32m[1mLinking C shared library rosidl_generator_py/rs_control/rs_control_s__rosidl_typesupport_fastrtps_c.cpython-310-x86_64-linux-gnu.so[0m
[4.252s] [ 94%] Built target rs_control__rosidl_typesupport_c__pyext
[4.252s] [ 94%] Built target rs_control__rosidl_typesupport_introspection_c__pyext
[4.260s] [ 94%] Built target rs_control__rosidl_typesupport_fastrtps_c__pyext
[5.331s] [01m[K/home/tue/rs_control/src/dual_controller_node.cpp:[m[K In member function ‘[01m[Kvoid DualControllerNode::control_loop()[m[K’:
[5.331s] [01m[K/home/tue/rs_control/src/dual_controller_node.cpp:156:43:[m[K [01;31m[Kerror: [m[K‘[01m[KVELOCITY_MODE[m[K’ is not a member of ‘[01m[KControlMode[m[K’
[5.331s]   156 |         } else if (mode1_ == ControlMode::[01;31m[KVELOCITY_MODE[m[K) {
[5.331s]       |                                           [01;31m[K^~~~~~~~~~~~~[m[K
[5.332s] [01m[K/home/tue/rs_control/src/dual_controller_node.cpp:164:43:[m[K [01;31m[Kerror: [m[K‘[01m[KVELOCITY_MODE[m[K’ is not a member of ‘[01m[KControlMode[m[K’
[5.332s]   164 |         } else if (mode2_ == ControlMode::[01;31m[KVELOCITY_MODE[m[K) {
[5.332s]       |                                           [01;31m[K^~~~~~~~~~~~~[m[K
[8.417s] gmake[2]: *** [CMakeFiles/dual_controller_node.dir/build.make:76: CMakeFiles/dual_controller_node.dir/src/dual_controller_node.cpp.o] Error 1
[8.418s] gmake[1]: *** [CMakeFiles/Makefile2:650: CMakeFiles/dual_controller_node.dir/all] Error 2
[8.418s] gmake[1]: *** Waiting for unfinished jobs....
[10.324s] [ 97%] [32m[1mLinking CXX executable main_control_node[0m
[10.838s] [ 97%] Built target main_control_node
[10.840s] gmake: *** [Makefile:146: all] Error 2
[10.843s] Invoked command in '/home/tue/rs_control/build/rs_control' returned '2': CMAKE_PREFIX_PATH=${CMAKE_PREFIX_PATH}:/opt/ros/humble /usr/bin/cmake --build /home/tue/rs_control/build/rs_control -- -j12 -l12
