[0.014s] Invoking command in '/home/tue/rs_control/build/rs_control': CMAKE_PREFIX_PATH=${CMAKE_PREFIX_PATH}:/opt/ros/humble /usr/bin/cmake --build /home/tue/rs_control/build/rs_control -- -j12 -l12
[0.068s] [35m[1mConsolidate compiler generated dependencies of target rob_stride_motor[0m
[0.078s] [  2%] Built target rs_control__cpp
[0.081s] [ 10%] Built target rs_control__rosidl_generator_c
[0.086s] [ 13%] [32mBuilding CXX object CMakeFiles/rob_stride_motor.dir/src/rob_stride_motor.cpp.o[0m
[0.089s] [ 21%] Built target main_control_node
[0.092s] [ 21%] Built target ament_cmake_python_copy_rs_control
[0.108s] [ 39%] Built target rs_control__rosidl_typesupport_introspection_cpp
[0.108s] [ 44%] Built target rs_control__rosidl_typesupport_cpp
[0.108s] [ 44%] Built target rs_control__rosidl_typesupport_fastrtps_cpp
[0.111s] [ 52%] Built target rs_control__rosidl_typesupport_introspection_c
[0.111s] [ 60%] Built target rs_control__rosidl_typesupport_fastrtps_c
[0.114s] [ 68%] Built target rs_control__rosidl_typesupport_c
[0.137s] [ 68%] Built target rs_control
[0.161s] [ 71%] Built target rs_control__py
[0.186s] [ 76%] Built target rs_control__rosidl_generator_py
[0.211s] [ 86%] Built target rs_control__rosidl_typesupport_introspection_c__pyext
[0.211s] [ 86%] Built target rs_control__rosidl_typesupport_fastrtps_c__pyext
[0.211s] [ 92%] Built target rs_control__rosidl_typesupport_c__pyext
[0.326s] running egg_info
[0.326s] writing rs_control.egg-info/PKG-INFO
[0.327s] writing dependency_links to rs_control.egg-info/dependency_links.txt
[0.327s] writing top-level names to rs_control.egg-info/top_level.txt
[0.329s] reading manifest file 'rs_control.egg-info/SOURCES.txt'
[0.330s] writing manifest file 'rs_control.egg-info/SOURCES.txt'
[0.377s] [ 92%] Built target ament_cmake_python_build_rs_control_egg
[0.723s] [ 94%] [32m[1mLinking CXX shared library librob_stride_motor.so[0m
[0.833s] [ 94%] Built target rob_stride_motor
[0.847s] [35m[1mConsolidate compiler generated dependencies of target dual_controller_node[0m
[0.869s] [ 97%] [32m[1mLinking CXX executable dual_controller_node[0m
[1.655s] [100%] Built target dual_controller_node
[1.670s] Invoked command in '/home/tue/rs_control/build/rs_control' returned '0': CMAKE_PREFIX_PATH=${CMAKE_PREFIX_PATH}:/opt/ros/humble /usr/bin/cmake --build /home/tue/rs_control/build/rs_control -- -j12 -l12
[1.682s] Invoking command in '/home/tue/rs_control/build/rs_control': CMAKE_PREFIX_PATH=${CMAKE_PREFIX_PATH}:/opt/ros/humble /usr/bin/cmake --install /home/tue/rs_control/build/rs_control
[1.690s] -- Install configuration: ""
[1.690s] -- Up-to-date: /home/tue/rs_control/install/rs_control/share/ament_index/resource_index/rosidl_interfaces/rs_control
[1.690s] -- Up-to-date: /home/tue/rs_control/install/rs_control/include/rs_control/rs_control
[1.690s] -- Up-to-date: /home/tue/rs_control/install/rs_control/include/rs_control/rs_control/msg
[1.690s] -- Up-to-date: /home/tue/rs_control/install/rs_control/include/rs_control/rs_control/msg/detail
[1.691s] -- Up-to-date: /home/tue/rs_control/install/rs_control/include/rs_control/rs_control/msg/detail/sine_wave_parameters__struct.h
[1.691s] -- Up-to-date: /home/tue/rs_control/install/rs_control/include/rs_control/rs_control/msg/detail/sine_wave_parameters__functions.c
[1.691s] -- Up-to-date: /home/tue/rs_control/install/rs_control/include/rs_control/rs_control/msg/detail/sine_wave_parameters__functions.h
[1.691s] -- Up-to-date: /home/tue/rs_control/install/rs_control/include/rs_control/rs_control/msg/detail/sine_wave_parameters__type_support.h
[1.691s] -- Up-to-date: /home/tue/rs_control/install/rs_control/include/rs_control/rs_control/msg/sine_wave_parameters.h
[1.691s] -- Up-to-date: /home/tue/rs_control/install/rs_control/include/rs_control/rs_control/msg/rosidl_generator_c__visibility_control.h
[1.691s] -- Up-to-date: /home/tue/rs_control/install/rs_control/share/rs_control/environment/library_path.sh
[1.691s] -- Up-to-date: /home/tue/rs_control/install/rs_control/share/rs_control/environment/library_path.dsv
[1.691s] -- Up-to-date: /home/tue/rs_control/install/rs_control/lib/librs_control__rosidl_generator_c.so
[1.691s] -- Up-to-date: /home/tue/rs_control/install/rs_control/include/rs_control/rs_control
[1.691s] -- Up-to-date: /home/tue/rs_control/install/rs_control/include/rs_control/rs_control/msg
[1.691s] -- Up-to-date: /home/tue/rs_control/install/rs_control/include/rs_control/rs_control/msg/rosidl_typesupport_fastrtps_c__visibility_control.h
[1.691s] -- Up-to-date: /home/tue/rs_control/install/rs_control/include/rs_control/rs_control/msg/detail
[1.692s] -- Up-to-date: /home/tue/rs_control/install/rs_control/include/rs_control/rs_control/msg/detail/sine_wave_parameters__rosidl_typesupport_fastrtps_c.h
[1.692s] -- Up-to-date: /home/tue/rs_control/install/rs_control/lib/librs_control__rosidl_typesupport_fastrtps_c.so
[1.692s] -- Up-to-date: /home/tue/rs_control/install/rs_control/include/rs_control/rs_control
[1.692s] -- Up-to-date: /home/tue/rs_control/install/rs_control/include/rs_control/rs_control/msg
[1.692s] -- Up-to-date: /home/tue/rs_control/install/rs_control/include/rs_control/rs_control/msg/rosidl_generator_cpp__visibility_control.hpp
[1.692s] -- Up-to-date: /home/tue/rs_control/install/rs_control/include/rs_control/rs_control/msg/detail
[1.692s] -- Up-to-date: /home/tue/rs_control/install/rs_control/include/rs_control/rs_control/msg/detail/sine_wave_parameters__builder.hpp
[1.692s] -- Up-to-date: /home/tue/rs_control/install/rs_control/include/rs_control/rs_control/msg/detail/sine_wave_parameters__traits.hpp
[1.692s] -- Up-to-date: /home/tue/rs_control/install/rs_control/include/rs_control/rs_control/msg/detail/sine_wave_parameters__struct.hpp
[1.692s] -- Up-to-date: /home/tue/rs_control/install/rs_control/include/rs_control/rs_control/msg/detail/sine_wave_parameters__type_support.hpp
[1.692s] -- Up-to-date: /home/tue/rs_control/install/rs_control/include/rs_control/rs_control/msg/sine_wave_parameters.hpp
[1.692s] -- Up-to-date: /home/tue/rs_control/install/rs_control/include/rs_control/rs_control
[1.692s] -- Up-to-date: /home/tue/rs_control/install/rs_control/include/rs_control/rs_control/msg
[1.692s] -- Up-to-date: /home/tue/rs_control/install/rs_control/include/rs_control/rs_control/msg/rosidl_typesupport_fastrtps_cpp__visibility_control.h
[1.692s] -- Up-to-date: /home/tue/rs_control/install/rs_control/include/rs_control/rs_control/msg/detail
[1.692s] -- Up-to-date: /home/tue/rs_control/install/rs_control/include/rs_control/rs_control/msg/detail/dds_fastrtps
[1.693s] -- Up-to-date: /home/tue/rs_control/install/rs_control/include/rs_control/rs_control/msg/detail/sine_wave_parameters__rosidl_typesupport_fastrtps_cpp.hpp
[1.693s] -- Up-to-date: /home/tue/rs_control/install/rs_control/lib/librs_control__rosidl_typesupport_fastrtps_cpp.so
[1.693s] -- Up-to-date: /home/tue/rs_control/install/rs_control/include/rs_control/rs_control
[1.693s] -- Up-to-date: /home/tue/rs_control/install/rs_control/include/rs_control/rs_control/msg
[1.693s] -- Up-to-date: /home/tue/rs_control/install/rs_control/include/rs_control/rs_control/msg/detail
[1.693s] -- Up-to-date: /home/tue/rs_control/install/rs_control/include/rs_control/rs_control/msg/detail/sine_wave_parameters__type_support.c
[1.693s] -- Up-to-date: /home/tue/rs_control/install/rs_control/include/rs_control/rs_control/msg/detail/sine_wave_parameters__rosidl_typesupport_introspection_c.h
[1.693s] -- Up-to-date: /home/tue/rs_control/install/rs_control/include/rs_control/rs_control/msg/rosidl_typesupport_introspection_c__visibility_control.h
[1.693s] -- Up-to-date: /home/tue/rs_control/install/rs_control/lib/librs_control__rosidl_typesupport_introspection_c.so
[1.693s] -- Up-to-date: /home/tue/rs_control/install/rs_control/lib/librs_control__rosidl_typesupport_c.so
[1.693s] -- Up-to-date: /home/tue/rs_control/install/rs_control/include/rs_control/rs_control
[1.693s] -- Up-to-date: /home/tue/rs_control/install/rs_control/include/rs_control/rs_control/msg
[1.693s] -- Up-to-date: /home/tue/rs_control/install/rs_control/include/rs_control/rs_control/msg/detail
[1.693s] -- Up-to-date: /home/tue/rs_control/install/rs_control/include/rs_control/rs_control/msg/detail/sine_wave_parameters__type_support.cpp
[1.693s] -- Up-to-date: /home/tue/rs_control/install/rs_control/include/rs_control/rs_control/msg/detail/sine_wave_parameters__rosidl_typesupport_introspection_cpp.hpp
[1.693s] -- Up-to-date: /home/tue/rs_control/install/rs_control/lib/librs_control__rosidl_typesupport_introspection_cpp.so
[1.693s] -- Up-to-date: /home/tue/rs_control/install/rs_control/lib/librs_control__rosidl_typesupport_cpp.so
[1.693s] -- Up-to-date: /home/tue/rs_control/install/rs_control/share/rs_control/environment/pythonpath.sh
[1.693s] -- Up-to-date: /home/tue/rs_control/install/rs_control/share/rs_control/environment/pythonpath.dsv
[1.694s] -- Up-to-date: /home/tue/rs_control/install/rs_control/local/lib/python3.10/dist-packages/rs_control-0.0.0-py3.10.egg-info
[1.694s] -- Installing: /home/tue/rs_control/install/rs_control/local/lib/python3.10/dist-packages/rs_control-0.0.0-py3.10.egg-info/top_level.txt
[1.694s] -- Installing: /home/tue/rs_control/install/rs_control/local/lib/python3.10/dist-packages/rs_control-0.0.0-py3.10.egg-info/SOURCES.txt
[1.694s] -- Installing: /home/tue/rs_control/install/rs_control/local/lib/python3.10/dist-packages/rs_control-0.0.0-py3.10.egg-info/dependency_links.txt
[1.694s] -- Installing: /home/tue/rs_control/install/rs_control/local/lib/python3.10/dist-packages/rs_control-0.0.0-py3.10.egg-info/PKG-INFO
[1.694s] -- Up-to-date: /home/tue/rs_control/install/rs_control/local/lib/python3.10/dist-packages/rs_control
[1.694s] -- Up-to-date: /home/tue/rs_control/install/rs_control/local/lib/python3.10/dist-packages/rs_control/_rs_control_s.ep.rosidl_typesupport_c.c
[1.694s] -- Up-to-date: /home/tue/rs_control/install/rs_control/local/lib/python3.10/dist-packages/rs_control/__init__.py
[1.694s] -- Up-to-date: /home/tue/rs_control/install/rs_control/local/lib/python3.10/dist-packages/rs_control/librs_control__rosidl_generator_py.so
[1.694s] -- Up-to-date: /home/tue/rs_control/install/rs_control/local/lib/python3.10/dist-packages/rs_control/rs_control_s__rosidl_typesupport_introspection_c.cpython-310-x86_64-linux-gnu.so
[1.694s] -- Up-to-date: /home/tue/rs_control/install/rs_control/local/lib/python3.10/dist-packages/rs_control/rs_control_s__rosidl_typesupport_fastrtps_c.cpython-310-x86_64-linux-gnu.so
[1.694s] -- Up-to-date: /home/tue/rs_control/install/rs_control/local/lib/python3.10/dist-packages/rs_control/msg
[1.694s] -- Up-to-date: /home/tue/rs_control/install/rs_control/local/lib/python3.10/dist-packages/rs_control/msg/_sine_wave_parameters.py
[1.694s] -- Up-to-date: /home/tue/rs_control/install/rs_control/local/lib/python3.10/dist-packages/rs_control/msg/__init__.py
[1.694s] -- Up-to-date: /home/tue/rs_control/install/rs_control/local/lib/python3.10/dist-packages/rs_control/msg/_sine_wave_parameters_s.c
[1.694s] -- Up-to-date: /home/tue/rs_control/install/rs_control/local/lib/python3.10/dist-packages/rs_control/rs_control_s__rosidl_typesupport_c.cpython-310-x86_64-linux-gnu.so
[1.695s] -- Up-to-date: /home/tue/rs_control/install/rs_control/local/lib/python3.10/dist-packages/rs_control/_rs_control_s.ep.rosidl_typesupport_introspection_c.c
[1.695s] -- Up-to-date: /home/tue/rs_control/install/rs_control/local/lib/python3.10/dist-packages/rs_control/_rs_control_s.ep.rosidl_typesupport_fastrtps_c.c
[1.722s] Listing '/home/tue/rs_control/install/rs_control/local/lib/python3.10/dist-packages/rs_control'...
[1.722s] Listing '/home/tue/rs_control/install/rs_control/local/lib/python3.10/dist-packages/rs_control/msg'...
[1.726s] -- Up-to-date: /home/tue/rs_control/install/rs_control/local/lib/python3.10/dist-packages/rs_control/rs_control_s__rosidl_typesupport_fastrtps_c.cpython-310-x86_64-linux-gnu.so
[1.727s] -- Up-to-date: /home/tue/rs_control/install/rs_control/local/lib/python3.10/dist-packages/rs_control/rs_control_s__rosidl_typesupport_introspection_c.cpython-310-x86_64-linux-gnu.so
[1.727s] -- Up-to-date: /home/tue/rs_control/install/rs_control/local/lib/python3.10/dist-packages/rs_control/rs_control_s__rosidl_typesupport_c.cpython-310-x86_64-linux-gnu.so
[1.728s] -- Up-to-date: /home/tue/rs_control/install/rs_control/lib/librs_control__rosidl_generator_py.so
[1.728s] -- Up-to-date: /home/tue/rs_control/install/rs_control/share/rs_control/msg/SineWaveParameters.idl
[1.728s] -- Up-to-date: /home/tue/rs_control/install/rs_control/share/rs_control/msg/SineWaveParameters.msg
[1.728s] -- Installing: /home/tue/rs_control/install/rs_control/lib/librob_stride_motor.so
[1.729s] -- Set runtime path of "/home/tue/rs_control/install/rs_control/lib/librob_stride_motor.so" to ""
[1.729s] -- Up-to-date: /home/tue/rs_control/install/rs_control/lib/rs_control/main_control_node
[1.729s] -- Installing: /home/tue/rs_control/install/rs_control/lib/rs_control/dual_controller_node
[1.740s] -- Set runtime path of "/home/tue/rs_control/install/rs_control/lib/rs_control/dual_controller_node" to ""
[1.740s] -- Up-to-date: /home/tue/rs_control/install/rs_control/include/rs_control
[1.741s] -- Up-to-date: /home/tue/rs_control/install/rs_control/include/rs_control/rs_lib.h
[1.741s] -- Up-to-date: /home/tue/rs_control/install/rs_control/include/rs_control/rob_stride_motor.h
[1.741s] -- Up-to-date: /home/tue/rs_control/install/rs_control/include/rs_control/protocol.h
[1.741s] -- Up-to-date: /home/tue/rs_control/install/rs_control/include/rs_control/can_interface.h
[1.741s] -- Up-to-date: /home/tue/rs_control/install/rs_control/share/rs_control/launch
[1.741s] -- Up-to-date: /home/tue/rs_control/install/rs_control/share/rs_control/launch/motor_state_reader.launch.py
[1.741s] -- Up-to-date: /home/tue/rs_control/install/rs_control/share/rs_control/launch/motor_checker.launch.py
[1.741s] -- Up-to-date: /home/tue/rs_control/install/rs_control/share/rs_control/launch/dual_controller_with_logging.launch.py
[1.741s] -- Up-to-date: /home/tue/rs_control/install/rs_control/share/ament_index/resource_index/package_run_dependencies/rs_control
[1.742s] -- Up-to-date: /home/tue/rs_control/install/rs_control/share/ament_index/resource_index/parent_prefix_path/rs_control
[1.742s] -- Up-to-date: /home/tue/rs_control/install/rs_control/share/rs_control/environment/ament_prefix_path.sh
[1.742s] -- Up-to-date: /home/tue/rs_control/install/rs_control/share/rs_control/environment/ament_prefix_path.dsv
[1.742s] -- Up-to-date: /home/tue/rs_control/install/rs_control/share/rs_control/environment/path.sh
[1.742s] -- Up-to-date: /home/tue/rs_control/install/rs_control/share/rs_control/environment/path.dsv
[1.742s] -- Up-to-date: /home/tue/rs_control/install/rs_control/share/rs_control/local_setup.bash
[1.742s] -- Up-to-date: /home/tue/rs_control/install/rs_control/share/rs_control/local_setup.sh
[1.742s] -- Up-to-date: /home/tue/rs_control/install/rs_control/share/rs_control/local_setup.zsh
[1.742s] -- Up-to-date: /home/tue/rs_control/install/rs_control/share/rs_control/local_setup.dsv
[1.742s] -- Installing: /home/tue/rs_control/install/rs_control/share/rs_control/package.dsv
[1.742s] -- Up-to-date: /home/tue/rs_control/install/rs_control/share/ament_index/resource_index/packages/rs_control
[1.742s] -- Up-to-date: /home/tue/rs_control/install/rs_control/share/rs_control/cmake/export_rs_control__rosidl_generator_cExport.cmake
[1.742s] -- Up-to-date: /home/tue/rs_control/install/rs_control/share/rs_control/cmake/export_rs_control__rosidl_generator_cExport-noconfig.cmake
[1.742s] -- Up-to-date: /home/tue/rs_control/install/rs_control/share/rs_control/cmake/export_rs_control__rosidl_typesupport_fastrtps_cExport.cmake
[1.742s] -- Up-to-date: /home/tue/rs_control/install/rs_control/share/rs_control/cmake/export_rs_control__rosidl_typesupport_fastrtps_cExport-noconfig.cmake
[1.742s] -- Up-to-date: /home/tue/rs_control/install/rs_control/share/rs_control/cmake/export_rs_control__rosidl_generator_cppExport.cmake
[1.742s] -- Up-to-date: /home/tue/rs_control/install/rs_control/share/rs_control/cmake/export_rs_control__rosidl_typesupport_fastrtps_cppExport.cmake
[1.742s] -- Up-to-date: /home/tue/rs_control/install/rs_control/share/rs_control/cmake/export_rs_control__rosidl_typesupport_fastrtps_cppExport-noconfig.cmake
[1.742s] -- Up-to-date: /home/tue/rs_control/install/rs_control/share/rs_control/cmake/rs_control__rosidl_typesupport_introspection_cExport.cmake
[1.743s] -- Up-to-date: /home/tue/rs_control/install/rs_control/share/rs_control/cmake/rs_control__rosidl_typesupport_introspection_cExport-noconfig.cmake
[1.743s] -- Up-to-date: /home/tue/rs_control/install/rs_control/share/rs_control/cmake/rs_control__rosidl_typesupport_cExport.cmake
[1.743s] -- Up-to-date: /home/tue/rs_control/install/rs_control/share/rs_control/cmake/rs_control__rosidl_typesupport_cExport-noconfig.cmake
[1.743s] -- Up-to-date: /home/tue/rs_control/install/rs_control/share/rs_control/cmake/rs_control__rosidl_typesupport_introspection_cppExport.cmake
[1.743s] -- Up-to-date: /home/tue/rs_control/install/rs_control/share/rs_control/cmake/rs_control__rosidl_typesupport_introspection_cppExport-noconfig.cmake
[1.743s] -- Up-to-date: /home/tue/rs_control/install/rs_control/share/rs_control/cmake/rs_control__rosidl_typesupport_cppExport.cmake
[1.743s] -- Up-to-date: /home/tue/rs_control/install/rs_control/share/rs_control/cmake/rs_control__rosidl_typesupport_cppExport-noconfig.cmake
[1.743s] -- Up-to-date: /home/tue/rs_control/install/rs_control/share/rs_control/cmake/export_rs_control__rosidl_generator_pyExport.cmake
[1.743s] -- Up-to-date: /home/tue/rs_control/install/rs_control/share/rs_control/cmake/export_rs_control__rosidl_generator_pyExport-noconfig.cmake
[1.743s] -- Up-to-date: /home/tue/rs_control/install/rs_control/share/rs_control/cmake/rosidl_cmake-extras.cmake
[1.743s] -- Up-to-date: /home/tue/rs_control/install/rs_control/share/rs_control/cmake/ament_cmake_export_include_directories-extras.cmake
[1.743s] -- Up-to-date: /home/tue/rs_control/install/rs_control/share/rs_control/cmake/ament_cmake_export_libraries-extras.cmake
[1.743s] -- Up-to-date: /home/tue/rs_control/install/rs_control/share/rs_control/cmake/ament_cmake_export_targets-extras.cmake
[1.743s] -- Up-to-date: /home/tue/rs_control/install/rs_control/share/rs_control/cmake/rosidl_cmake_export_typesupport_targets-extras.cmake
[1.743s] -- Up-to-date: /home/tue/rs_control/install/rs_control/share/rs_control/cmake/ament_cmake_export_dependencies-extras.cmake
[1.743s] -- Up-to-date: /home/tue/rs_control/install/rs_control/share/rs_control/cmake/rosidl_cmake_export_typesupport_libraries-extras.cmake
[1.743s] -- Up-to-date: /home/tue/rs_control/install/rs_control/share/rs_control/cmake/rs_controlConfig.cmake
[1.743s] -- Up-to-date: /home/tue/rs_control/install/rs_control/share/rs_control/cmake/rs_controlConfig-version.cmake
[1.744s] -- Up-to-date: /home/tue/rs_control/install/rs_control/share/rs_control/package.xml
[1.745s] Invoked command in '/home/tue/rs_control/build/rs_control' returned '0': CMAKE_PREFIX_PATH=${CMAKE_PREFIX_PATH}:/opt/ros/humble /usr/bin/cmake --install /home/tue/rs_control/build/rs_control
