[35m[1mConsolidate compiler generated dependencies of target main_control_node[0m
[ 50%] [32mBuilding CXX object CMakeFiles/main_control_node.dir/src/main_control_node.cpp.o[0m
[01m[K/home/tue/Documents/ros2_ws/src/rs_control/src/main_control_node.cpp:[m[K In function ‘[01m[Kbool read_frame(int, can_frame*)[m[K’:
[01m[K/home/tue/Documents/ros2_ws/src/rs_control/src/main_control_node.cpp:67:25:[m[K [01;35m[Kwarning: [m[KC++ designated initializers only available with ‘[01m[K-std=c++20[m[K’ or ‘[01m[K-std=gnu++20[m[K’ [[01;35m[K]8;;https://gcc.gnu.org/onlinedocs/gcc/Warning-Options.html#index-Wpedantic-Wpedantic]8;;[m[K]
   67 |     struct timeval tv { [01;35m[K.[m[Ktv_sec = 0, .tv_usec = 100000 }; // 100 ms
      |                         [01;35m[K^[m[K
[01m[K/home/tue/Documents/ros2_ws/src/rs_control/src/main_control_node.cpp:67:38:[m[K [01;35m[Kwarning: [m[KC++ designated initializers only available with ‘[01m[K-std=c++20[m[K’ or ‘[01m[K-std=gnu++20[m[K’ [[01;35m[K]8;;https://gcc.gnu.org/onlinedocs/gcc/Warning-Options.html#index-Wpedantic-Wpedantic]8;;[m[K]
   67 |     struct timeval tv { .tv_sec = 0, [01;35m[K.[m[Ktv_usec = 100000 }; // 100 ms
      |                                      [01;35m[K^[m[K
[100%] [32m[1mLinking CXX executable main_control_node[0m
[100%] Built target main_control_node
-- Install configuration: ""
-- Installing: /home/tue/Documents/ros2_ws/src/rs_control/install/rs_control/lib/rs_control/main_control_node
-- Set runtime path of "/home/tue/Documents/ros2_ws/src/rs_control/install/rs_control/lib/rs_control/main_control_node" to ""
-- Up-to-date: /home/tue/Documents/ros2_ws/src/rs_control/install/rs_control/share/ament_index/resource_index/package_run_dependencies/rs_control
-- Up-to-date: /home/tue/Documents/ros2_ws/src/rs_control/install/rs_control/share/ament_index/resource_index/parent_prefix_path/rs_control
-- Up-to-date: /home/tue/Documents/ros2_ws/src/rs_control/install/rs_control/share/rs_control/environment/ament_prefix_path.sh
-- Up-to-date: /home/tue/Documents/ros2_ws/src/rs_control/install/rs_control/share/rs_control/environment/ament_prefix_path.dsv
-- Up-to-date: /home/tue/Documents/ros2_ws/src/rs_control/install/rs_control/share/rs_control/environment/path.sh
-- Up-to-date: /home/tue/Documents/ros2_ws/src/rs_control/install/rs_control/share/rs_control/environment/path.dsv
-- Up-to-date: /home/tue/Documents/ros2_ws/src/rs_control/install/rs_control/share/rs_control/local_setup.bash
-- Up-to-date: /home/tue/Documents/ros2_ws/src/rs_control/install/rs_control/share/rs_control/local_setup.sh
-- Up-to-date: /home/tue/Documents/ros2_ws/src/rs_control/install/rs_control/share/rs_control/local_setup.zsh
-- Up-to-date: /home/tue/Documents/ros2_ws/src/rs_control/install/rs_control/share/rs_control/local_setup.dsv
-- Installing: /home/tue/Documents/ros2_ws/src/rs_control/install/rs_control/share/rs_control/package.dsv
-- Up-to-date: /home/tue/Documents/ros2_ws/src/rs_control/install/rs_control/share/ament_index/resource_index/packages/rs_control
-- Up-to-date: /home/tue/Documents/ros2_ws/src/rs_control/install/rs_control/share/rs_control/cmake/rs_controlConfig.cmake
-- Up-to-date: /home/tue/Documents/ros2_ws/src/rs_control/install/rs_control/share/rs_control/cmake/rs_controlConfig-version.cmake
-- Up-to-date: /home/tue/Documents/ros2_ws/src/rs_control/install/rs_control/share/rs_control/package.xml
