[0.013s] Invoking command in '/home/tue/Documents/ros2_ws/src/rs_control/build/rs_control': CMAKE_PREFIX_PATH=${CMAKE_PREFIX_PATH}:/home/tue/Documents/ros2_ws/install/cbgear:/home/tue/Documents/ros2_cybergear/install/cbgear_node:/opt/ros/humble /usr/bin/cmake --build /home/tue/Documents/ros2_ws/src/rs_control/build/rs_control -- -j12 -l12
[0.069s] [35m[1mConsolidate compiler generated dependencies of target main_control_node[0m
[0.097s] [ 50%] [32mBuilding CXX object CMakeFiles/main_control_node.dir/src/main_control_node.cpp.o[0m
[2.339s] [01m[K/home/tue/Documents/ros2_ws/src/rs_control/src/main_control_node.cpp:[m[K In function ‘[01m[Kbool read_frame(int, can_frame*)[m[K’:
[2.339s] [01m[K/home/tue/Documents/ros2_ws/src/rs_control/src/main_control_node.cpp:67:25:[m[K [01;35m[Kwarning: [m[KC++ designated initializers only available with ‘[01m[K-std=c++20[m[K’ or ‘[01m[K-std=gnu++20[m[K’ [[01;35m[K]8;;https://gcc.gnu.org/onlinedocs/gcc/Warning-Options.html#index-Wpedantic-Wpedantic]8;;[m[K]
[2.339s]    67 |     struct timeval tv { [01;35m[K.[m[Ktv_sec = 0, .tv_usec = 100000 }; // 100 ms
[2.339s]       |                         [01;35m[K^[m[K
[2.339s] [01m[K/home/tue/Documents/ros2_ws/src/rs_control/src/main_control_node.cpp:67:38:[m[K [01;35m[Kwarning: [m[KC++ designated initializers only available with ‘[01m[K-std=c++20[m[K’ or ‘[01m[K-std=gnu++20[m[K’ [[01;35m[K]8;;https://gcc.gnu.org/onlinedocs/gcc/Warning-Options.html#index-Wpedantic-Wpedantic]8;;[m[K]
[2.339s]    67 |     struct timeval tv { .tv_sec = 0, [01;35m[K.[m[Ktv_usec = 100000 }; // 100 ms
[2.340s]       |                                      [01;35m[K^[m[K
[10.017s] [100%] [32m[1mLinking CXX executable main_control_node[0m
[10.761s] [100%] Built target main_control_node
[10.778s] Invoked command in '/home/tue/Documents/ros2_ws/src/rs_control/build/rs_control' returned '0': CMAKE_PREFIX_PATH=${CMAKE_PREFIX_PATH}:/home/tue/Documents/ros2_ws/install/cbgear:/home/tue/Documents/ros2_cybergear/install/cbgear_node:/opt/ros/humble /usr/bin/cmake --build /home/tue/Documents/ros2_ws/src/rs_control/build/rs_control -- -j12 -l12
[10.792s] Invoking command in '/home/tue/Documents/ros2_ws/src/rs_control/build/rs_control': CMAKE_PREFIX_PATH=${CMAKE_PREFIX_PATH}:/home/tue/Documents/ros2_ws/install/cbgear:/home/tue/Documents/ros2_cybergear/install/cbgear_node:/opt/ros/humble /usr/bin/cmake --install /home/tue/Documents/ros2_ws/src/rs_control/build/rs_control
[10.799s] -- Install configuration: ""
[10.799s] -- Installing: /home/tue/Documents/ros2_ws/src/rs_control/install/rs_control/lib/rs_control/main_control_node
[10.810s] -- Set runtime path of "/home/tue/Documents/ros2_ws/src/rs_control/install/rs_control/lib/rs_control/main_control_node" to ""
[10.810s] -- Up-to-date: /home/tue/Documents/ros2_ws/src/rs_control/install/rs_control/share/ament_index/resource_index/package_run_dependencies/rs_control
[10.810s] -- Up-to-date: /home/tue/Documents/ros2_ws/src/rs_control/install/rs_control/share/ament_index/resource_index/parent_prefix_path/rs_control
[10.810s] -- Up-to-date: /home/tue/Documents/ros2_ws/src/rs_control/install/rs_control/share/rs_control/environment/ament_prefix_path.sh
[10.810s] -- Up-to-date: /home/tue/Documents/ros2_ws/src/rs_control/install/rs_control/share/rs_control/environment/ament_prefix_path.dsv
[10.810s] -- Up-to-date: /home/tue/Documents/ros2_ws/src/rs_control/install/rs_control/share/rs_control/environment/path.sh
[10.810s] -- Up-to-date: /home/tue/Documents/ros2_ws/src/rs_control/install/rs_control/share/rs_control/environment/path.dsv
[10.810s] -- Up-to-date: /home/tue/Documents/ros2_ws/src/rs_control/install/rs_control/share/rs_control/local_setup.bash
[10.810s] -- Up-to-date: /home/tue/Documents/ros2_ws/src/rs_control/install/rs_control/share/rs_control/local_setup.sh
[10.811s] -- Up-to-date: /home/tue/Documents/ros2_ws/src/rs_control/install/rs_control/share/rs_control/local_setup.zsh
[10.811s] -- Up-to-date: /home/tue/Documents/ros2_ws/src/rs_control/install/rs_control/share/rs_control/local_setup.dsv
[10.811s] -- Installing: /home/tue/Documents/ros2_ws/src/rs_control/install/rs_control/share/rs_control/package.dsv
[10.811s] -- Up-to-date: /home/tue/Documents/ros2_ws/src/rs_control/install/rs_control/share/ament_index/resource_index/packages/rs_control
[10.811s] -- Up-to-date: /home/tue/Documents/ros2_ws/src/rs_control/install/rs_control/share/rs_control/cmake/rs_controlConfig.cmake
[10.811s] -- Up-to-date: /home/tue/Documents/ros2_ws/src/rs_control/install/rs_control/share/rs_control/cmake/rs_controlConfig-version.cmake
[10.811s] -- Up-to-date: /home/tue/Documents/ros2_ws/src/rs_control/install/rs_control/share/rs_control/package.xml
[10.813s] Invoked command in '/home/tue/Documents/ros2_ws/src/rs_control/build/rs_control' returned '0': CMAKE_PREFIX_PATH=${CMAKE_PREFIX_PATH}:/home/tue/Documents/ros2_ws/install/cbgear:/home/tue/Documents/ros2_cybergear/install/cbgear_node:/opt/ros/humble /usr/bin/cmake --install /home/tue/Documents/ros2_ws/src/rs_control/build/rs_control
